<?xml version="1.0" encoding="UTF-8"?>
<oryxmodel>
<description/>
<type>BPMN 2.0</type>
<json-representation><![CDATA[{"resourceId":"canvas","properties":{"name":"","documentation":"","auditing":"","monitoring":"","version":"","author":"","language":"English","namespaces":"","targetnamespace":"http://www.signavio.com/bpmn20","expressionlanguage":"http://www.w3.org/1999/XPath","typelanguage":"http://www.w3.org/2001/XMLSchema","creationdate":"","modificationdate":"","orientation":"horizontal"},"stencil":{"id":"BPMNDiagram"},"childShapes":[{"resourceId":"sid-F3998B48-8B47-4EBF-9690-2459891DF29F","properties":{"name":"Test Workflows","documentation":"","auditing":"","monitoring":"","boundaryvisible":true,"processname":"","status":"None","adhoc":"","adhocordering":"Parallel","adhoccompletioncondition":"","suppressjoinfailure":"","enableinstancecompensation":"","processcategories":"","processdocumentation":"","multiinstance":"","minimum":2,"maximum":2,"processtype":"None","isclosed":"","isexecutable":"","bgcolor":"#ffffff","bordercolor":"#000000","processid":""},"stencil":{"id":"Pool"},"childShapes":[{"resourceId":"sid-7A923A68-8A4D-47F1-9CCD-8584C3992369","properties":{"name":"Test Runner","documentation":"","auditing":"","monitoring":"","bordercolor":"#000000","parentpool":"","parentlane":"","showcaption":true,"bgcolor":""},"stencil":{"id":"Lane"},"childShapes":[{"resourceId":"sid-2C69C7A6-BD02-428F-B5AA-0BB10EC514C2","properties":{"name":"","documentation":"","auditing":"","monitoring":"","dataoutputassociations":"","dataoutput":"","outputset":"","bgcolor":"#ffffff","bordercolor":"#000000","processid":"","trigger":"None"},"stencil":{"id":"StartNoneEvent"},"childShapes":[],"outgoing":[{"resourceId":"sid-6469A686-F148-4E90-81BB-5D3305421758"}],"bounds":{"lowerRight":{"x":70,"y":80},"upperLeft":{"x":40,"y":50}},"dockers":[]},{"resourceId":"sid-6A83C24E-9609-47CD-B595-BCFC30BBF790","properties":{"processid":"","name":"Select Test","documentation":"","auditing":"","monitoring":"","categories":"","startquantity":1,"completionquantity":1,"isforcompensation":"","assignments":"","callacitivity":"","tasktype":"User","implementation":"webService","resources":"","messageref":"","operationref":"","instantiate":"","script":"","scriptformat":"","bgcolor":"#ffffcc","looptype":"None","testbefore":"","loopcondition":"","loopmaximum":"","loopcardinality":"","loopdatainput":"","loopdataoutput":"","inputdataitem":"","outputdataitem":"","behavior":"all","complexbehaviordefinition":"","completioncondition":"","onebehavioreventref:":"signal","nonebehavioreventref":"signal","properties":"","datainputset":"","dataoutputset":"","operationname":"","inmessagename":"","inmsgitemkind":"Information","inmsgstructure":"","inmsgimport":"","inmsgiscollection":"","outmessagename":"","outmsgitemkind":"Information","outmsgstructure":"","outmsgimport":"","outmsgiscollection":"","bordercolor":"#000000"},"stencil":{"id":"Task"},"childShapes":[],"outgoing":[{"resourceId":"sid-0B133E7E-E6B3-4578-8F8F-1C9DA5D8A015"}],"bounds":{"lowerRight":{"x":249,"y":105},"upperLeft":{"x":149,"y":25}},"dockers":[]},{"resourceId":"sid-1192E625-131C-46FE-B872-20C4533EA7DE","properties":{"name":"","documentation":"","auditing":"","monitoring":"","categories":"","assignments":"","pool":"","lanes":"","gates":"","gates_outgoingsequenceflow":"","gates_assignments":"","bgcolor":"#ffffff","processid":"","gatewaytype":"XOR","xortype":"Data","markervisible":"true","defaultgate":"","gate_outgoingsequenceflow":"","gate_assignments":"","bordercolor":"#000000"},"stencil":{"id":"Exclusive_Databased_Gateway"},"childShapes":[],"outgoing":[{"resourceId":"sid-9AD6C46B-BC40-4D3A-91E2-8E933EF9ADF0"},{"resourceId":"sid-85975D4B-1DC8-4998-A7DF-6F9C31861EE7"},{"resourceId":"sid-488CD0F1-E280-4BDE-B794-64CAF8C4FCA8"},{"resourceId":"sid-ECE4F718-B986-45F1-8B0C-C0C1DAE66DB3"}],"bounds":{"lowerRight":{"x":219,"y":202},"upperLeft":{"x":179,"y":162}},"dockers":[]},{"resourceId":"sid-464B8E64-10B4-4158-BDEE-11144CE20306","properties":{"name":"","documentation":"","auditing":"","monitoring":"","datainputassociations":"","datainput":"","inputset":"","bgcolor":"#ffffff","bordercolor":"#000000","trigger":"None"},"stencil":{"id":"EndNoneEvent"},"childShapes":[],"outgoing":[],"bounds":{"lowerRight":{"x":328.5,"y":79},"upperLeft":{"x":300.5,"y":51}},"dockers":[]},{"resourceId":"sid-7C7227E8-087F-4CB6-9B60-200B5D495886","properties":{"name":"Messages","documentation":"","auditing":"","monitoring":"","categories":"","startquantity":1,"completionquantity":1,"isforcompensation":"","assignments":"","callacitivity":true,"subprocesstype":"Embedded","isatransaction":"","transaction":"","transactionmethod":"compensate","isadhoc":"","adhocordering":"Sequential","adhoccompletioncondition":"","adhoccancelremaininginstances":true,"entry":"Messages","diagramref":"","processref":"","inputmaps":"","outputmaps":"","looptype":"None","testbefore":"","loopcondition":"","loopmaximum":"","loopcardinality":"","loopdatainput":"","loopdataoutput":"","inputdataitem":"","outputdataitem":"","behavior":"all","complexbehaviordefinition":"","completioncondition":"","onebehavioreventref:":"signal","nonebehavioreventref":"signal","bgcolor":"#ffffcc","properties":"","datainputset":"","dataoutputset":"","processid":"","activitytype":"Sub-Process","bordercolor":"#000000"},"stencil":{"id":"CollapsedSubprocess"},"childShapes":[],"outgoing":[{"resourceId":"sid-36EA1BBD-FB84-4C19-AEFA-5C731F9C8789"}],"bounds":{"lowerRight":{"x":505,"y":211},"upperLeft":{"x":390,"y":135}},"dockers":[]},{"resourceId":"sid-983D0282-05EA-48F6-B02F-41BBD8DF538E","properties":{"name":"Scripts","documentation":"","auditing":"","monitoring":"","categories":"","startquantity":1,"completionquantity":1,"isforcompensation":"","assignments":"","callacitivity":true,"subprocesstype":"Embedded","isatransaction":"","transaction":"","transactionmethod":"compensate","isadhoc":"","adhocordering":"Sequential","adhoccompletioncondition":"","adhoccancelremaininginstances":true,"entry":"Scripts","diagramref":"","processref":"","inputmaps":"","outputmaps":"","looptype":"None","testbefore":"","loopcondition":"","loopmaximum":"","loopcardinality":"","loopdatainput":"","loopdataoutput":"","inputdataitem":"","outputdataitem":"","behavior":"all","complexbehaviordefinition":"","completioncondition":"","onebehavioreventref:":"signal","nonebehavioreventref":"signal","bgcolor":"#ffffcc","properties":"","datainputset":"","dataoutputset":"","processid":"","activitytype":"Sub-Process","bordercolor":"#000000"},"stencil":{"id":"CollapsedSubprocess"},"childShapes":[],"outgoing":[{"resourceId":"sid-979356AC-A00F-456E-9790-39D512F50D3C"}],"bounds":{"lowerRight":{"x":498.5,"y":327},"upperLeft":{"x":398.5,"y":247}},"dockers":[]},{"resourceId":"sid-5A3ED200-8278-4D1F-9F84-B5E53B268133","properties":{"name":"Message Interrupts","documentation":"","auditing":"","monitoring":"","categories":"","startquantity":1,"completionquantity":1,"isforcompensation":"","assignments":"","callacitivity":true,"subprocesstype":"Embedded","isatransaction":"","transaction":"","transactionmethod":"compensate","isadhoc":"","adhocordering":"Sequential","adhoccompletioncondition":"","adhoccancelremaininginstances":true,"entry":"Message Interrupts","diagramref":"","processref":"","inputmaps":"","outputmaps":"","looptype":"None","testbefore":"","loopcondition":"","loopmaximum":"","loopcardinality":"","loopdatainput":"","loopdataoutput":"","inputdataitem":"","outputdataitem":"","behavior":"all","complexbehaviordefinition":"","completioncondition":"","onebehavioreventref:":"signal","nonebehavioreventref":"signal","bgcolor":"#ffffcc","properties":"","datainputset":"","dataoutputset":"","processid":"","activitytype":"Sub-Process","bordercolor":"#000000"},"stencil":{"id":"CollapsedSubprocess"},"childShapes":[],"outgoing":[{"resourceId":"sid-B7DB2642-79A3-4D7B-9CB6-06C4854E4C9D"}],"bounds":{"lowerRight":{"x":498.5,"y":439},"upperLeft":{"x":398.5,"y":359}},"dockers":[]}],"outgoing":[],"bounds":{"lowerRight":{"x":689,"y":482},"upperLeft":{"x":30,"y":0}},"dockers":[]}],"outgoing":[],"bounds":{"lowerRight":{"x":719,"y":512},"upperLeft":{"x":30,"y":30}},"dockers":[]},{"resourceId":"sid-6469A686-F148-4E90-81BB-5D3305421758","properties":{"name":"","documentation":"","auditing":"","monitoring":"","conditiontype":"None","conditionexpression":"","isimmediate":"","showdiamondmarker":"","bordercolor":"#000000"},"stencil":{"id":"SequenceFlow"},"childShapes":[],"outgoing":[{"resourceId":"sid-6A83C24E-9609-47CD-B595-BCFC30BBF790"}],"bounds":{"lowerRight":{"x":208.5,"y":95},"upperLeft":{"x":130.625,"y":95}},"dockers":[{"x":15,"y":15},{"x":50,"y":40}],"target":{"resourceId":"sid-6A83C24E-9609-47CD-B595-BCFC30BBF790"}},{"resourceId":"sid-0B133E7E-E6B3-4578-8F8F-1C9DA5D8A015","properties":{"name":"","documentation":"","auditing":"","monitoring":"","conditiontype":"None","conditionexpression":"","isimmediate":"","showdiamondmarker":"","bordercolor":"#000000"},"stencil":{"id":"SequenceFlow"},"childShapes":[],"outgoing":[{"resourceId":"sid-1192E625-131C-46FE-B872-20C4533EA7DE"}],"bounds":{"lowerRight":{"x":259.4098072193776,"y":191.30469655374756},"upperLeft":{"x":259.1722240306224,"y":135.47264719625244}},"dockers":[{"x":50,"y":40},{"x":20.5,"y":20.5}],"target":{"resourceId":"sid-1192E625-131C-46FE-B872-20C4533EA7DE"}},{"resourceId":"sid-36EA1BBD-FB84-4C19-AEFA-5C731F9C8789","properties":{"name":"","documentation":"","auditing":"","monitoring":"","conditiontype":"None","conditionexpression":"","isimmediate":"","showdiamondmarker":false,"bordercolor":"#000000"},"stencil":{"id":"SequenceFlow"},"childShapes":[],"outgoing":[{"resourceId":"sid-464B8E64-10B4-4158-BDEE-11144CE20306"}],"bounds":{"lowerRight":{"x":677,"y":203},"upperLeft":{"x":389.0888671875,"y":95}},"dockers":[{"x":57.5,"y":38},{"x":677,"y":203},{"x":677,"y":95},{"x":14,"y":14}],"target":{"resourceId":"sid-464B8E64-10B4-4158-BDEE-11144CE20306"}},{"resourceId":"sid-979356AC-A00F-456E-9790-39D512F50D3C","properties":{"name":"","documentation":"","auditing":"","monitoring":"","conditiontype":"None","conditionexpression":"","isimmediate":"","showdiamondmarker":false,"bordercolor":"#000000"},"stencil":{"id":"SequenceFlow"},"childShapes":[],"outgoing":[{"resourceId":"sid-464B8E64-10B4-4158-BDEE-11144CE20306"}],"bounds":{"lowerRight":{"x":677,"y":317},"upperLeft":{"x":389.0888671875,"y":95}},"dockers":[{"x":50,"y":40},{"x":677,"y":317},{"x":677,"y":95},{"x":14,"y":14}],"target":{"resourceId":"sid-464B8E64-10B4-4158-BDEE-11144CE20306"}},{"resourceId":"sid-85975D4B-1DC8-4998-A7DF-6F9C31861EE7","properties":{"name":"Messages","documentation":"","auditing":"","monitoring":"","conditiontype":"None","conditionexpression":"","isimmediate":"","showdiamondmarker":false,"bordercolor":"#000000"},"stencil":{"id":"SequenceFlow"},"childShapes":[],"outgoing":[{"resourceId":"sid-7C7227E8-087F-4CB6-9B60-200B5D495886"}],"bounds":{"lowerRight":{"x":449.5234375,"y":212.5},"upperLeft":{"x":279.3671875,"y":203}},"dockers":[{"x":20.5,"y":20.5},{"x":364.5,"y":212.5},{"x":364.5,"y":203},{"x":57.5,"y":38}],"target":{"resourceId":"sid-7C7227E8-087F-4CB6-9B60-200B5D495886"}},{"resourceId":"sid-ECE4F718-B986-45F1-8B0C-C0C1DAE66DB3","properties":{"name":"Message Interrupts","documentation":"","auditing":"","monitoring":"","conditiontype":"None","conditionexpression":"","isimmediate":"","showdiamondmarker":"","bordercolor":"#000000"},"stencil":{"id":"SequenceFlow"},"childShapes":[],"outgoing":[{"resourceId":"sid-5A3ED200-8278-4D1F-9F84-B5E53B268133"}],"bounds":{"lowerRight":{"x":457.89453125,"y":429},"upperLeft":{"x":259.5,"y":232.10546875}},"dockers":[{"x":20.5,"y":20.5},{"x":259.5,"y":429},{"x":50,"y":40}],"target":{"resourceId":"sid-5A3ED200-8278-4D1F-9F84-B5E53B268133"}},{"resourceId":"sid-488CD0F1-E280-4BDE-B794-64CAF8C4FCA8","properties":{"name":"Scripts","documentation":"","auditing":"","monitoring":"","conditiontype":"None","conditionexpression":"","isimmediate":"","showdiamondmarker":"","bordercolor":"#000000"},"stencil":{"id":"SequenceFlow"},"childShapes":[],"outgoing":[{"resourceId":"sid-983D0282-05EA-48F6-B02F-41BBD8DF538E"}],"bounds":{"lowerRight":{"x":457.98828125,"y":317},"upperLeft":{"x":268.9227993936929,"y":223.8836131403573}},"dockers":[{"x":20.5,"y":20.5},{"x":346,"y":317},{"x":50,"y":40}],"target":{"resourceId":"sid-983D0282-05EA-48F6-B02F-41BBD8DF538E"}},{"resourceId":"sid-9AD6C46B-BC40-4D3A-91E2-8E933EF9ADF0","properties":{"name":"Tests Done","documentation":"","auditing":"","monitoring":"","conditiontype":"None","conditionexpression":"","isimmediate":"","showdiamondmarker":false,"bordercolor":"#000000"},"stencil":{"id":"SequenceFlow"},"childShapes":[],"outgoing":[{"resourceId":"sid-464B8E64-10B4-4158-BDEE-11144CE20306"}],"bounds":{"lowerRight":{"x":364.36694320243186,"y":201.68767498400646},"upperLeft":{"x":270.08227554756814,"y":105.35334064099352}},"dockers":[{"x":20.5,"y":20.5},{"x":14,"y":14}],"target":{"resourceId":"sid-464B8E64-10B4-4158-BDEE-11144CE20306"}},{"resourceId":"sid-B7DB2642-79A3-4D7B-9CB6-06C4854E4C9D","properties":{"name":"","documentation":"","auditing":"","monitoring":"","conditiontype":"None","conditionexpression":"","isimmediate":"","showdiamondmarker":false,"bordercolor":"#000000"},"stencil":{"id":"SequenceFlow"},"childShapes":[],"outgoing":[{"resourceId":"sid-464B8E64-10B4-4158-BDEE-11144CE20306"}],"bounds":{"lowerRight":{"x":677,"y":429},"upperLeft":{"x":389.0888671875,"y":95}},"dockers":[{"x":50,"y":40},{"x":677,"y":429},{"x":677,"y":95},{"x":14,"y":14}],"target":{"resourceId":"sid-464B8E64-10B4-4158-BDEE-11144CE20306"}}],"bounds":{"lowerRight":{"x":1485,"y":1050},"upperLeft":{"x":0,"y":0}},"stencilset":{"url":"/signavio_spiff/editor/stencilsets//bpmn2.0/bpmn2.0.json","namespace":"http://b3mn.org/stencilset/bpmn2.0#"},"ssextensions":["http://oryx-editor.org/stencilsets/extensions/bpmn2.0basicsubset#"]}]]></json-representation>
<svg-representation><![CDATA[<svg xmlns="http://www.w3.org/2000/svg" xmlns:oryx="http://oryx-editor.org" id="sid-73A6363E-363B-4ECE-9EC3-AA0E31876E31" width="739" height="532" xmlns:xlink="http://www.w3.org/1999/xlink" xmlns:svg="http://www.w3.org/2000/svg"><defs><marker id="sid-B2D36C85-2D9D-4D51-9CAF-56348A535274start" refX="1" refY="5" markerUnits="userSpaceOnUse" markerWidth="17" markerHeight="11" orient="auto">      <path id="sid-B2D36C85-2D9D-4D51-9CAF-56348A535274conditional" d="M 0 6 L 8 1 L 15 5 L 8 9 L 1 5" fill="white" stroke="#000000" stroke-width="1" display="none"/>    <path id="sid-B2D36C85-2D9D-4D51-9CAF-56348A535274default" d="M 5 0 L 11 10" fill="white" stroke="#000000" stroke-width="1" display="none"/>     </marker><marker id="sid-B2D36C85-2D9D-4D51-9CAF-56348A535274end" refX="15" refY="6" markerUnits="userSpaceOnUse" markerWidth="15" markerHeight="12" orient="auto">      <path id="sid-B2D36C85-2D9D-4D51-9CAF-56348A535274arrowhead" d="M 0 1 L 15 6 L 0 11z" fill="black" stroke="#000000" stroke-linejoin="round" stroke-width="2"/>     </marker><marker id="sid-1607FA94-E8AC-47A1-98F7-02F67A094496start" refX="1" refY="5" markerUnits="userSpaceOnUse" markerWidth="17" markerHeight="11" orient="auto">      <path id="sid-1607FA94-E8AC-47A1-98F7-02F67A094496conditional" d="M 0 6 L 8 1 L 15 5 L 8 9 L 1 5" fill="white" stroke="#000000" stroke-width="1" display="none"/>    <path id="sid-1607FA94-E8AC-47A1-98F7-02F67A094496default" d="M 5 0 L 11 10" fill="white" stroke="#000000" stroke-width="1" display="none"/>     </marker><marker id="sid-1607FA94-E8AC-47A1-98F7-02F67A094496end" refX="15" refY="6" markerUnits="userSpaceOnUse" markerWidth="15" markerHeight="12" orient="auto">      <path id="sid-1607FA94-E8AC-47A1-98F7-02F67A094496arrowhead" d="M 0 1 L 15 6 L 0 11z" fill="black" stroke="#000000" stroke-linejoin="round" stroke-width="2"/>     </marker><marker id="sid-8EE4382F-2514-4226-B8F8-AAED034BFB56start" refX="1" refY="5" markerUnits="userSpaceOnUse" markerWidth="17" markerHeight="11" orient="auto">      <path id="sid-8EE4382F-2514-4226-B8F8-AAED034BFB56conditional" d="M 0 6 L 8 1 L 15 5 L 8 9 L 1 5" fill="white" stroke="#000000" stroke-width="1" display="none"/>    <path id="sid-8EE4382F-2514-4226-B8F8-AAED034BFB56default" d="M 5 0 L 11 10" fill="white" stroke="#000000" stroke-width="1" display="none"/>     </marker><marker id="sid-8EE4382F-2514-4226-B8F8-AAED034BFB56end" refX="15" refY="6" markerUnits="userSpaceOnUse" markerWidth="15" markerHeight="12" orient="auto">      <path id="sid-8EE4382F-2514-4226-B8F8-AAED034BFB56arrowhead" d="M 0 1 L 15 6 L 0 11z" fill="black" stroke="#000000" stroke-linejoin="round" stroke-width="2"/>     </marker><marker id="sid-842A62DF-7A6C-47BB-8EC7-E3E6ED1BC07Bstart" refX="1" refY="5" markerUnits="userSpaceOnUse" markerWidth="17" markerHeight="11" orient="auto">      <path id="sid-842A62DF-7A6C-47BB-8EC7-E3E6ED1BC07Bconditional" d="M 0 6 L 8 1 L 15 5 L 8 9 L 1 5" fill="white" stroke="#000000" stroke-width="1" display="none"/>    <path id="sid-842A62DF-7A6C-47BB-8EC7-E3E6ED1BC07Bdefault" d="M 5 0 L 11 10" fill="white" stroke="#000000" stroke-width="1" display="none"/>     </marker><marker id="sid-842A62DF-7A6C-47BB-8EC7-E3E6ED1BC07Bend" refX="15" refY="6" markerUnits="userSpaceOnUse" markerWidth="15" markerHeight="12" orient="auto">      <path id="sid-842A62DF-7A6C-47BB-8EC7-E3E6ED1BC07Barrowhead" d="M 0 1 L 15 6 L 0 11z" fill="black" stroke="#000000" stroke-linejoin="round" stroke-width="2"/>     </marker><marker id="sid-5FA1EE53-7678-4EC0-B251-3942FB43C657start" refX="1" refY="5" markerUnits="userSpaceOnUse" markerWidth="17" markerHeight="11" orient="auto">      <path id="sid-5FA1EE53-7678-4EC0-B251-3942FB43C657conditional" d="M 0 6 L 8 1 L 15 5 L 8 9 L 1 5" fill="white" stroke="#000000" stroke-width="1" display="none"/>    <path id="sid-5FA1EE53-7678-4EC0-B251-3942FB43C657default" d="M 5 0 L 11 10" fill="white" stroke="#000000" stroke-width="1" display="none"/>     </marker><marker id="sid-5FA1EE53-7678-4EC0-B251-3942FB43C657end" refX="15" refY="6" markerUnits="userSpaceOnUse" markerWidth="15" markerHeight="12" orient="auto">      <path id="sid-5FA1EE53-7678-4EC0-B251-3942FB43C657arrowhead" d="M 0 1 L 15 6 L 0 11z" fill="black" stroke="#000000" stroke-linejoin="round" stroke-width="2"/>     </marker><marker id="sid-FFE06AE7-FC0C-43A0-B2A0-E54F447A0DD3start" refX="1" refY="5" markerUnits="userSpaceOnUse" markerWidth="17" markerHeight="11" orient="auto">      <path id="sid-FFE06AE7-FC0C-43A0-B2A0-E54F447A0DD3conditional" d="M 0 6 L 8 1 L 15 5 L 8 9 L 1 5" fill="white" stroke="#000000" stroke-width="1" display="none"/>    <path id="sid-FFE06AE7-FC0C-43A0-B2A0-E54F447A0DD3default" d="M 5 0 L 11 10" fill="white" stroke="#000000" stroke-width="1" display="none"/>     </marker><marker id="sid-FFE06AE7-FC0C-43A0-B2A0-E54F447A0DD3end" refX="15" refY="6" markerUnits="userSpaceOnUse" markerWidth="15" markerHeight="12" orient="auto">      <path id="sid-FFE06AE7-FC0C-43A0-B2A0-E54F447A0DD3arrowhead" d="M 0 1 L 15 6 L 0 11z" fill="black" stroke="#000000" stroke-linejoin="round" stroke-width="2"/>     </marker><marker id="sid-0798A00E-4AEA-4014-B3F9-C522D8724F1Cstart" refX="1" refY="5" markerUnits="userSpaceOnUse" markerWidth="17" markerHeight="11" orient="auto">      <path id="sid-0798A00E-4AEA-4014-B3F9-C522D8724F1Cconditional" d="M 0 6 L 8 1 L 15 5 L 8 9 L 1 5" fill="white" stroke="#000000" stroke-width="1" display="none"/>    <path id="sid-0798A00E-4AEA-4014-B3F9-C522D8724F1Cdefault" d="M 5 0 L 11 10" fill="white" stroke="#000000" stroke-width="1" display="none"/>     </marker><marker id="sid-0798A00E-4AEA-4014-B3F9-C522D8724F1Cend" refX="15" refY="6" markerUnits="userSpaceOnUse" markerWidth="15" markerHeight="12" orient="auto">      <path id="sid-0798A00E-4AEA-4014-B3F9-C522D8724F1Carrowhead" d="M 0 1 L 15 6 L 0 11z" fill="black" stroke="#000000" stroke-linejoin="round" stroke-width="2"/>     </marker><marker id="sid-EE9A7A73-C317-468C-AEFB-FBDBB4D5EFF3start" refX="1" refY="5" markerUnits="userSpaceOnUse" markerWidth="17" markerHeight="11" orient="auto">      <path id="sid-EE9A7A73-C317-468C-AEFB-FBDBB4D5EFF3conditional" d="M 0 6 L 8 1 L 15 5 L 8 9 L 1 5" fill="white" stroke="#000000" stroke-width="1" display="none"/>    <path id="sid-EE9A7A73-C317-468C-AEFB-FBDBB4D5EFF3default" d="M 5 0 L 11 10" fill="white" stroke="#000000" stroke-width="1" display="none"/>     </marker><marker id="sid-EE9A7A73-C317-468C-AEFB-FBDBB4D5EFF3end" refX="15" refY="6" markerUnits="userSpaceOnUse" markerWidth="15" markerHeight="12" orient="auto">      <path id="sid-EE9A7A73-C317-468C-AEFB-FBDBB4D5EFF3arrowhead" d="M 0 1 L 15 6 L 0 11z" fill="black" stroke="#000000" stroke-linejoin="round" stroke-width="2"/>     </marker><marker id="sid-02D50D81-D8C4-4A4A-B028-4CD006447B9Fstart" refX="1" refY="5" markerUnits="userSpaceOnUse" markerWidth="17" markerHeight="11" orient="auto">      <path id="sid-02D50D81-D8C4-4A4A-B028-4CD006447B9Fconditional" d="M 0 6 L 8 1 L 15 5 L 8 9 L 1 5" fill="white" stroke="#000000" stroke-width="1" display="none"/>    <path id="sid-02D50D81-D8C4-4A4A-B028-4CD006447B9Fdefault" d="M 5 0 L 11 10" fill="white" stroke="#000000" stroke-width="1" display="none"/>     </marker><marker id="sid-02D50D81-D8C4-4A4A-B028-4CD006447B9Fend" refX="15" refY="6" markerUnits="userSpaceOnUse" markerWidth="15" markerHeight="12" orient="auto">      <path id="sid-02D50D81-D8C4-4A4A-B028-4CD006447B9Farrowhead" d="M 0 1 L 15 6 L 0 11z" fill="black" stroke="#000000" stroke-linejoin="round" stroke-width="2"/>     </marker></defs><g stroke="black" font-family="Verdana, sans-serif" font-size-adjust="none" font-style="normal" font-variant="normal" font-weight="normal" line-heigth="normal" font-size="12"><g class="stencils" transform="translate(-5, -5)"><g class="me"/><g class="children"><g id="svg-sid-F3998B48-8B47-4EBF-9690-2459891DF29F"><g class="stencils" transform="translate(30, 30)"><g class="me"><g pointer-events="none" id="sid-F12EA879-3717-4DC0-A2C0-D20ABDD5F7D6" title="Pool">     <defs id="sid-F12EA879-3717-4DC0-A2C0-D20ABDD5F7D6_sid-F12EA879-3717-4DC0-A2C0-D20ABDD5F7D6_9">   <radialGradient id="sid-F12EA879-3717-4DC0-A2C0-D20ABDD5F7D6background" cx="0%" cy="10%" r="100%" fx="20%" fy="10%">    <stop offset="0%" stop-color="#ffffff" stop-opacity="1" id="sid-F12EA879-3717-4DC0-A2C0-D20ABDD5F7D6_sid-F12EA879-3717-4DC0-A2C0-D20ABDD5F7D6_10"/>    <stop id="sid-F12EA879-3717-4DC0-A2C0-D20ABDD5F7D6fill_el" offset="100%" stop-color="#ffffff" stop-opacity="1"/>   </radialGradient>  </defs>              <rect id="sid-F12EA879-3717-4DC0-A2C0-D20ABDD5F7D6c" oryx:resize="vertical horizontal" x="0" y="0" width="689" height="482" stroke="#000000" fill="url(#sid-F12EA879-3717-4DC0-A2C0-D20ABDD5F7D6background) white" fill-opacity="0.3" display="inherit"/>       <rect id="sid-F12EA879-3717-4DC0-A2C0-D20ABDD5F7D6caption" oryx:anchors="left top bottom" x="0" y="0" width="30" height="482" stroke="#000000" stroke-width="1" fill="url(#sid-F12EA879-3717-4DC0-A2C0-D20ABDD5F7D6background) white" pointer-events="all" display="inherit"/>    <rect id="sid-F12EA879-3717-4DC0-A2C0-D20ABDD5F7D6captionDisableAntialiasing" oryx:anchors="left top bottom" x="0" y="0" width="30" height="482" stroke="#000000" stroke-width="1" fill="url(#sid-F12EA879-3717-4DC0-A2C0-D20ABDD5F7D6background) white" pointer-events="all" display="inherit"/>       <text x="13" y="241" font-size="12" id="sid-F12EA879-3717-4DC0-A2C0-D20ABDD5F7D6text_name" oryx:fittoelem="caption" oryx:align="middle center" oryx:anchors="left" oryx:rotate="270" fill="black" stroke="black" stroke-width="0pt" letter-spacing="-0.01px" transform="rotate(270 13 241)" oryx:fontSize="12" text-anchor="middle"><tspan x="13" y="241" dy="5">Test Workflows</tspan></text>    <g id="sid-F12EA879-3717-4DC0-A2C0-D20ABDD5F7D6multiInstance" display="none">   <path id="sid-F12EA879-3717-4DC0-A2C0-D20ABDD5F7D6multiinstancepath" oryx:anchors="bottom" fill="none" stroke="#000000" d=" M340.5 472  v8  M344.5 472  v8  M348.5 472  v8 " stroke-width="2"/>  </g>   </g></g><g class="children" style="overflow:hidden"><g id="svg-sid-7A923A68-8A4D-47F1-9CCD-8584C3992369"><g class="stencils" transform="translate(30, 0)"><g class="me"><g pointer-events="none" id="sid-5E7FB065-5E9E-47C1-98A6-9CA7750E938F" title="Lane">         <defs id="sid-5E7FB065-5E9E-47C1-98A6-9CA7750E938F_sid-5E7FB065-5E9E-47C1-98A6-9CA7750E938F_3">   <radialGradient id="sid-5E7FB065-5E9E-47C1-98A6-9CA7750E938Fbackground" cx="0%" cy="10%" r="200%" fx="20%" fy="10%">    <stop offset="0%" stop-color="#ffffff" stop-opacity="0" id="sid-5E7FB065-5E9E-47C1-98A6-9CA7750E938F_sid-5E7FB065-5E9E-47C1-98A6-9CA7750E938F_4"/>    <stop id="sid-5E7FB065-5E9E-47C1-98A6-9CA7750E938Ffill_el" offset="100%" stop-color="#ffffff" stop-opacity="0"/>   </radialGradient>  </defs>          <rect id="sid-5E7FB065-5E9E-47C1-98A6-9CA7750E938Fborder" oryx:resize="vertical horizontal" x="0" y="0" width="659" height="482" stroke="#000000" stroke-width="1" fill="url(#sid-5E7FB065-5E9E-47C1-98A6-9CA7750E938Fbackground) white" pointer-events="none"/>          <path stroke="#000000" stroke-width="1" fill="none" d=" M0 0  L0 482 " oryx:anchors="left top bottom" id="sid-5E7FB065-5E9E-47C1-98A6-9CA7750E938FcaptionDisableAntialiasing" display="inherit"/>    undefined       <text x="13" y="241" oryx:rotate="270" font-size="12" id="sid-5E7FB065-5E9E-47C1-98A6-9CA7750E938Ftext_name" oryx:align="middle center" oryx:anchors="left" oryx:fittoelem="caption" fill="black" stroke="black" stroke-width="0pt" letter-spacing="-0.01px" display="inherit" transform="rotate(270 13 241)" oryx:fontSize="12" text-anchor="middle"><tspan x="13" y="241" dy="5">Test Runner</tspan></text>   </g></g><g class="children" style="overflow:hidden"><g id="svg-sid-2C69C7A6-BD02-428F-B5AA-0BB10EC514C2"><g class="stencils" transform="translate(40, 50)"><g class="me"><g pointer-events="fill" id="sid-8B4020D2-6222-4449-8FB2-C09C878258F6" title="Start Event">        <defs id="sid-8B4020D2-6222-4449-8FB2-C09C878258F6_sid-8B4020D2-6222-4449-8FB2-C09C878258F6_5">   <radialGradient id="sid-8B4020D2-6222-4449-8FB2-C09C878258F6background" cx="10%" cy="10%" r="100%" fx="10%" fy="10%">    <stop offset="0%" stop-color="#ffffff" stop-opacity="1" id="sid-8B4020D2-6222-4449-8FB2-C09C878258F6_sid-8B4020D2-6222-4449-8FB2-C09C878258F6_6"/>    <stop id="sid-8B4020D2-6222-4449-8FB2-C09C878258F6fill_el" offset="100%" stop-color="#ffffff" stop-opacity="1"/>   </radialGradient>  </defs>       <circle id="sid-8B4020D2-6222-4449-8FB2-C09C878258F6bg_frame" cx="15" cy="15" r="15" stroke="#000000" fill="url(#sid-8B4020D2-6222-4449-8FB2-C09C878258F6background) white" stroke-width="1"/>  <text font-size="11" id="sid-8B4020D2-6222-4449-8FB2-C09C878258F6text_name" x="15" y="32" oryx:align="top center" stroke="black" stroke-width="0pt" letter-spacing="-0.01px" transform="rotate(0 15 32)" oryx:fontSize="11" text-anchor="middle"/>   </g></g><g class="children" style="overflow:hidden"/><g class="edge"/></g><g class="controls"><g class="dockers"/><g class="magnets" transform="translate(40, 50)"><g pointer-events="all" display="none" transform="translate(7, 7)"><circle cx="8" cy="8" r="4" stroke="none" fill="red" fill-opacity="0.3"/></g></g></g></g><g id="svg-sid-6A83C24E-9609-47CD-B595-BCFC30BBF790"><g class="stencils" transform="translate(149, 25)"><g class="me"><g pointer-events="fill" oryx:minimumSize="50 40" id="sid-77F89AC8-26E3-4E9F-9F30-F2A8BB1CA6F7" title="Task">    <defs id="sid-77F89AC8-26E3-4E9F-9F30-F2A8BB1CA6F7_sid-77F89AC8-26E3-4E9F-9F30-F2A8BB1CA6F7_17">   <radialGradient id="sid-77F89AC8-26E3-4E9F-9F30-F2A8BB1CA6F7background" cx="10%" cy="10%" r="100%" fx="10%" fy="10%">    <stop offset="0%" stop-color="#ffffff" stop-opacity="1" id="sid-77F89AC8-26E3-4E9F-9F30-F2A8BB1CA6F7_sid-77F89AC8-26E3-4E9F-9F30-F2A8BB1CA6F7_18"/>    <stop id="sid-77F89AC8-26E3-4E9F-9F30-F2A8BB1CA6F7fill_el" offset="100%" stop-color="#ffffcc" stop-opacity="1"/>   </radialGradient>  </defs>    <rect id="sid-77F89AC8-26E3-4E9F-9F30-F2A8BB1CA6F7text_frame" oryx:anchors="bottom top right left" x="1" y="1" width="94" height="79" rx="10" ry="10" stroke="none" stroke-width="0" fill="none"/>     <rect id="sid-77F89AC8-26E3-4E9F-9F30-F2A8BB1CA6F7callActivity" oryx:resize="vertical horizontal" oryx:anchors="bottom top right left" x="0" y="0" width="100" height="80" rx="10" ry="10" stroke="#000000" stroke-width="4" fill="none" display="none"/>  <rect id="sid-77F89AC8-26E3-4E9F-9F30-F2A8BB1CA6F7bg_frame" oryx:resize="vertical horizontal" x="0" y="0" width="100" height="80" rx="10" ry="10" stroke="#000000" stroke-width="1" fill="url(#sid-77F89AC8-26E3-4E9F-9F30-F2A8BB1CA6F7background) #ffffcc"/>   <text font-size="12" id="sid-77F89AC8-26E3-4E9F-9F30-F2A8BB1CA6F7text_name" x="50" y="40" oryx:align="middle center" oryx:fittoelem="text_frame" stroke="black" stroke-width="0pt" letter-spacing="-0.01px" transform="rotate(0 50 40)" oryx:fontSize="12" text-anchor="middle"><tspan x="50" y="40" dy="5" id="ext-gen579">Select Test</tspan></text>     <g id="sid-77F89AC8-26E3-4E9F-9F30-F2A8BB1CA6F7manualTask" transform="scale(0.7,0.7) translate(8,8)" display="none">      <path oryx:anchors="top left" id="sid-77F89AC8-26E3-4E9F-9F30-F2A8BB1CA6F7hand" stroke="#000000" stroke-width="1" style="opacity:1;fill:none;fill-opacity:1;" d="M0.5,3.751l4.083-3.25c0,0,11.166,0.083,12.083,0.083s-2.417,2.917-1.5,2.917     s11.667,0,12.584,0c1.166,1.708-0.168,3.167-0.834,3.667s0.875,1.917-1,4.417c-0.75,0.25,0.75,1.875-1.333,3.333     c-1.167,0.583,0.583,1.542-1.25,2.833c-1.167,0-20.833,0.083-20.833,0.083l-2-1.333V3.751z"/>   <path oryx:anchors="top left" id="sid-77F89AC8-26E3-4E9F-9F30-F2A8BB1CA6F7finger" style="opacity:1;fill:none; stroke-width:2" stroke="#000000" d="M 13.5 7 L 27 7"/>   <path oryx:anchors="top left" id="sid-77F89AC8-26E3-4E9F-9F30-F2A8BB1CA6F7finger1" style="opacity:1;fill:none; stroke-width:2" stroke="#000000" d="M 13.5 11 L 26 11"/>   <path oryx:anchors="top left" id="sid-77F89AC8-26E3-4E9F-9F30-F2A8BB1CA6F7finger2" style="opacity:1;fill:none; stroke-width:1.5" stroke="#000000" d="M 14 14.5 L 25 14.5"/>   <path oryx:anchors="top left" id="sid-77F89AC8-26E3-4E9F-9F30-F2A8BB1CA6F7thumb" style="opacity:1;fill:none; stroke-width:1.5" stroke="#000000" d="M 8.2 3.1 L 15 3.1"/>  </g>    <g id="sid-77F89AC8-26E3-4E9F-9F30-F2A8BB1CA6F7businessRuleTask" transform="scale(0.7,0.7) translate(8,8)" display="none">   <rect oryx:anchors="top left" id="sid-77F89AC8-26E3-4E9F-9F30-F2A8BB1CA6F7top" x="0" y="0" width="22" height="4" style="opacity:1;fill:#B3B1B3;fill-opacity:1;" stroke="#000000"/>   <rect oryx:anchors="top left" id="sid-77F89AC8-26E3-4E9F-9F30-F2A8BB1CA6F7rect" x="0" y="4" style="opacity:1;fill:none;" stroke="#000000" width="22" height="12"/>   <path oryx:anchors="top left" id="sid-77F89AC8-26E3-4E9F-9F30-F2A8BB1CA6F7row" style="opacity:1;fill:none;" stroke="#000000" d="M 0 10 L 22 10"/>   <path oryx:anchors="top left" id="sid-77F89AC8-26E3-4E9F-9F30-F2A8BB1CA6F7col" style="opacity:1; fill:none;" stroke="#000000" d="M 7 4 L 7 16"/>  </g>    <g id="sid-77F89AC8-26E3-4E9F-9F30-F2A8BB1CA6F7scriptTask" transform="scale(0.7,0.7) translate(8,8)" display="none">   <path oryx:anchors="top left" id="sid-77F89AC8-26E3-4E9F-9F30-F2A8BB1CA6F7paper" style="opacity:1;fill:none;" stroke="#000000" d="M6.402,0.5h14.5c0,0-5.833,2.833-5.833,5.583s4.417,6,4.417,9.167    s-4.167,5.083-4.167,5.083H0.235c0,0,5-2.667,5-5s-4.583-6.75-4.583-9.25S6.402,0.5,6.402,0.5z"/>   <path oryx:anchors="top left" id="sid-77F89AC8-26E3-4E9F-9F30-F2A8BB1CA6F7line1" style="opacity:1;fill:none;stroke-width:1.5" stroke="#000000" d="M 3.5 4.5 L 13.5 4.5"/>   <path oryx:anchors="top left" id="sid-77F89AC8-26E3-4E9F-9F30-F2A8BB1CA6F7line2" style="opacity:1;fill:none;stroke-width:1.5" stroke="#000000" d="M 3.8 8.5 L 13.8 8.5"/>   <path oryx:anchors="top left" id="sid-77F89AC8-26E3-4E9F-9F30-F2A8BB1CA6F7line3" style="opacity:1;fill:none;stroke-width:1.5" stroke="#000000" d="M 6.3 12.5 L 16.3 12.5"/>   <path oryx:anchors="top left" id="sid-77F89AC8-26E3-4E9F-9F30-F2A8BB1CA6F7line4" style="opacity:1;fill:none;stroke-width:1.5" stroke="#000000" d="M 6.5 16.5 L 16.5 16.5"/>  </g>    <g id="sid-77F89AC8-26E3-4E9F-9F30-F2A8BB1CA6F7userTask" transform="scale(0.7,0.7) translate(8,8)" display="inherit">   <path id="sid-77F89AC8-26E3-4E9F-9F30-F2A8BB1CA6F7userTaskpath" oryx:anchors="top left" style="opacity:1;fill:#F4F6F7;" stroke="#000000" d="M0.585,24.167h24.083v-7.833c0,0-2.333-3.917-7.083-5.167h-9.25    c-4.417,1.333-7.833,5.75-7.833,5.75L0.585,24.167z"/>   <path id="sid-77F89AC8-26E3-4E9F-9F30-F2A8BB1CA6F7userTaskpath2" oryx:anchors="top left" style="opacity:1;fill:none;" stroke="#000000" d="M 6 20 L 6 24"/>   <path id="sid-77F89AC8-26E3-4E9F-9F30-F2A8BB1CA6F7userTaskpath3" oryx:anchors="top left" style="opacity:1;fill:none;" stroke="#000000" d="M 20 20 L 20 24"/>   <circle id="sid-77F89AC8-26E3-4E9F-9F30-F2A8BB1CA6F7userTaskcircle" oryx:anchors="top left" fill="#000000" stroke="#000000" cx="13.002" cy="5.916" r="5.417"/>   <path id="sid-77F89AC8-26E3-4E9F-9F30-F2A8BB1CA6F7userTaskpath4" oryx:anchors="top left" style="opacity:1;fill:#F0EFF0;" stroke="#000000" d="M8.043,7.083c0,0,2.814-2.426,5.376-1.807s4.624-0.693,4.624-0.693    c0.25,1.688,0.042,3.75-1.458,5.584c0,0,1.083,0.75,1.083,1.5s0.125,1.875-1,3s-5.5,1.25-6.75,0S8.668,12.834,8.668,12    s0.583-1.25,1.25-1.917C8.835,9.5,7.419,7.708,8.043,7.083z"/>  </g>    <g id="sid-77F89AC8-26E3-4E9F-9F30-F2A8BB1CA6F7serviceTask" transform="scale(0.7,0.7) translate(8,8)" display="none">   <polygon oryx:anchors="top left" id="sid-77F89AC8-26E3-4E9F-9F30-F2A8BB1CA6F7teethForeground" style="opacity:1;fill:#ffffff;" stroke="#000000" points="15.392,5.064 17.954,2.502 20.347,4.895 17.786,7.455     18.729,9.732 22.353,9.732 22.353,13.115 18.731,13.115 17.788,15.392 20.351,17.955 17.958,20.347 15.397,17.786 13.12,18.729     13.12,22.353 9.737,22.353 9.737,18.731 7.46,17.788 4.897,20.35 2.506,17.958 5.066,15.397 4.124,13.12 0.5,13.12 0.5,9.737     4.121,9.737 5.065,7.461 2.503,4.898 4.895,2.506 7.455,5.066 9.732,4.125 9.732,0.5 13.116,0.5 13.116,4.121 "/>   <circle oryx:anchors="top left" id="sid-77F89AC8-26E3-4E9F-9F30-F2A8BB1CA6F7ringForeground" style="opacity:1;fill:none;" stroke="#000000" cx="11.427" cy="11.426" r="3.714"/>   <polygon oryx:anchors="top left" id="sid-77F89AC8-26E3-4E9F-9F30-F2A8BB1CA6F7teethBackground" style="opacity:1;fill:#ffffff;" stroke="#000000" points="21.392,11.064 23.954,8.502 26.347,10.895 23.786,13.455     24.729,15.732 28.353,15.732 28.353,19.115 24.731,19.115 23.788,21.392 26.351,23.955 23.958,26.347 21.397,23.786 19.12,24.729     19.12,28.353 15.737,28.353 15.737,24.731 13.46,23.788 10.897,26.35 8.506,23.958 11.066,21.397 10.124,19.12 6.5,19.12     6.5,15.737 10.121,15.737 11.065,13.461 8.503,10.898 10.895,8.506 13.455,11.066 15.732,10.125 15.732,6.5 19.116,6.5     19.116,10.121 "/>   <circle oryx:anchors="top left" id="sid-77F89AC8-26E3-4E9F-9F30-F2A8BB1CA6F7ringBackground" style="opacity:1;fill:none;" stroke="#000000" cx="17.427" cy="17.426" r="3.714"/>  </g>    <g id="sid-77F89AC8-26E3-4E9F-9F30-F2A8BB1CA6F7sendTask" display="none">   <path id="sid-77F89AC8-26E3-4E9F-9F30-F2A8BB1CA6F7sendTaskpath" oryx:anchors="left top" stroke="#000000" fill="black" stroke-width="1" d="M8,11 L8,21 L24,21 L24,11 L16,17z"/>   <path id="sid-77F89AC8-26E3-4E9F-9F30-F2A8BB1CA6F7sendTaskpath2" oryx:anchors="left top" stroke="#000000" fill="black" stroke-width="1" d="M7,10 L16,17 L25 10z"/>  </g>    <g id="sid-77F89AC8-26E3-4E9F-9F30-F2A8BB1CA6F7receiveTask" display="none">   <path id="sid-77F89AC8-26E3-4E9F-9F30-F2A8BB1CA6F7receiveTaskpath" oryx:anchors="left top" stroke="#000000" fill="none" stroke-width="1" d="M8,11 L8,21 L24,21 L24,11z M8,11 L16,17 L24,11"/>   <circle id="sid-77F89AC8-26E3-4E9F-9F30-F2A8BB1CA6F7instantiate" cx="16" cy="16" r="13" stroke="#000000" fill="none" stroke-width="1" display="none"/>  </g>    <g id="sid-77F89AC8-26E3-4E9F-9F30-F2A8BB1CA6F7none" display="inherit"/>  <g id="sid-77F89AC8-26E3-4E9F-9F30-F2A8BB1CA6F7loop" display="none">   <path oryx:anchors="bottom" stroke="#000000" style="opacity:1;fill:none;fill-opacity:1;;stroke-width:1.5;stroke-linecap:round;stroke-linejoin:round;stroke-miterlimit:2.0999999;stroke-dasharray:none;stroke-opacity:1" id="sid-77F89AC8-26E3-4E9F-9F30-F2A8BB1CA6F7path2396" d="M 49.5,72 L 49.5,75 L 46.5,75 M 49.5,75 A 4.875,4.875 0 1 1 53.5,75"/>  </g>      <g id="sid-77F89AC8-26E3-4E9F-9F30-F2A8BB1CA6F7parallel" display="none">   <path id="sid-77F89AC8-26E3-4E9F-9F30-F2A8BB1CA6F7parallelpath" oryx:anchors="bottom" fill="none" stroke="#000000" d="M46 65 v10 M50 65 v10 M54 65 v10" stroke-width="2"/>  </g>  <g id="sid-77F89AC8-26E3-4E9F-9F30-F2A8BB1CA6F7sequential" display="none">   <path id="sid-77F89AC8-26E3-4E9F-9F30-F2A8BB1CA6F7sequentialpath" oryx:anchors="bottom" fill="none" stroke="#000000" stroke-width="2" d="M45,67 h10 M45,71 h10 M45,75 h10"/>  </g>     <g id="sid-77F89AC8-26E3-4E9F-9F30-F2A8BB1CA6F7compensation" display="none">   <path id="sid-77F89AC8-26E3-4E9F-9F30-F2A8BB1CA6F7compensationpath" oryx:anchors="bottom" fill="none" stroke="#000000" d="M 50 70 L 55 65 L 55 75z M44.7 70 L49.7 75 L 49.7 65z" stroke-width="1" transform="translate(-13)"/>  </g>   </g></g><g class="children" style="overflow:hidden"/><g class="edge"/></g><g class="controls"><g class="dockers"/><g class="magnets" transform="translate(149, 25)"><g pointer-events="all" display="none" transform="translate(-7, 12)"><circle cx="8" cy="8" r="4" stroke="none" fill="red" fill-opacity="0.3"/></g><g pointer-events="all" display="none" transform="translate(-7, 32)"><circle cx="8" cy="8" r="4" stroke="none" fill="red" fill-opacity="0.3"/></g><g pointer-events="all" display="none" transform="translate(-7, 52)"><circle cx="8" cy="8" r="4" stroke="none" fill="red" fill-opacity="0.3"/></g><g pointer-events="all" display="none" transform="translate(17, 71)"><circle cx="8" cy="8" r="4" stroke="none" fill="red" fill-opacity="0.3"/></g><g pointer-events="all" display="none" transform="translate(42, 71)"><circle cx="8" cy="8" r="4" stroke="none" fill="red" fill-opacity="0.3"/></g><g pointer-events="all" display="none" transform="translate(67, 71)"><circle cx="8" cy="8" r="4" stroke="none" fill="red" fill-opacity="0.3"/></g><g pointer-events="all" display="none" transform="translate(91, 12)"><circle cx="8" cy="8" r="4" stroke="none" fill="red" fill-opacity="0.3"/></g><g pointer-events="all" display="none" transform="translate(91, 32)"><circle cx="8" cy="8" r="4" stroke="none" fill="red" fill-opacity="0.3"/></g><g pointer-events="all" display="none" transform="translate(91, 52)"><circle cx="8" cy="8" r="4" stroke="none" fill="red" fill-opacity="0.3"/></g><g pointer-events="all" display="none" transform="translate(17, -7)"><circle cx="8" cy="8" r="4" stroke="none" fill="red" fill-opacity="0.3"/></g><g pointer-events="all" display="none" transform="translate(42, -7)"><circle cx="8" cy="8" r="4" stroke="none" fill="red" fill-opacity="0.3"/></g><g pointer-events="all" display="none" transform="translate(67, -7)"><circle cx="8" cy="8" r="4" stroke="none" fill="red" fill-opacity="0.3"/></g><g pointer-events="all" display="none" transform="translate(42, 32)"><circle cx="8" cy="8" r="4" stroke="none" fill="red" fill-opacity="0.3"/></g></g></g></g><g id="svg-sid-1192E625-131C-46FE-B872-20C4533EA7DE"><g class="stencils" transform="translate(179, 162)"><g class="me"><g id="sid-CDE9BB27-DE67-413C-B02B-8D122B729E17" title="Data-based exclusive (XOR) gateway">        <defs id="sid-CDE9BB27-DE67-413C-B02B-8D122B729E17_sid-CDE9BB27-DE67-413C-B02B-8D122B729E17_4">   <radialGradient id="sid-CDE9BB27-DE67-413C-B02B-8D122B729E17background" cx="10%" cy="10%" r="100%" fx="10%" fy="10%">    <stop offset="0%" stop-color="#ffffff" stop-opacity="1" id="sid-CDE9BB27-DE67-413C-B02B-8D122B729E17_sid-CDE9BB27-DE67-413C-B02B-8D122B729E17_5"/>    <stop id="sid-CDE9BB27-DE67-413C-B02B-8D122B729E17fill_el" offset="100%" stop-color="#ffffff" stop-opacity="1"/>   </radialGradient>  </defs>       <path d=" M0 20.5  L20.5 0  L40 20.5  L20.5 40  z" id="sid-CDE9BB27-DE67-413C-B02B-8D122B729E17bg_frame" fill="url(#sid-CDE9BB27-DE67-413C-B02B-8D122B729E17background) white" stroke="#000000" style="stroke-width:1"/>     <g id="sid-CDE9BB27-DE67-413C-B02B-8D122B729E17cross" display="inherit">       <path id="sid-CDE9BB27-DE67-413C-B02B-8D122B729E17crosspath" stroke="#000000" fill="black" d=" M13.25 12.05  L17.25 12.05  L27.65 28.95  L23.75 28.95  z" style="stroke-width:1"/>       <path id="sid-CDE9BB27-DE67-413C-B02B-8D122B729E17crosspath2" stroke="#000000" fill="black" d=" M13.25 28.95  L23.75 12.05  L27.65 12.05  L17.25 28.95  z" style="stroke-width:1"/>     </g>    <text id="sid-CDE9BB27-DE67-413C-B02B-8D122B729E17text_name" x="30" y="30" oryx:align="left top" stroke-width="0pt" letter-spacing="-0.01px" transform="rotate(0 30 30)" oryx:fontSize="12" text-anchor="start"/>     </g></g><g class="children" style="overflow:hidden"/><g class="edge"/></g><g class="controls"><g class="dockers"/><g class="magnets" transform="translate(179, 162)"><g pointer-events="all" display="none" transform="translate(12.5, 12.5)"><circle cx="8" cy="8" r="4" stroke="none" fill="red" fill-opacity="0.3"/></g></g></g></g><g id="svg-sid-464B8E64-10B4-4158-BDEE-11144CE20306"><g class="stencils" transform="translate(300.5, 51)"><g class="me"><g pointer-events="fill" id="sid-DD91A625-E583-462F-8F13-A4DBE6A6106E" title="End Event">      <defs id="sid-DD91A625-E583-462F-8F13-A4DBE6A6106E_sid-DD91A625-E583-462F-8F13-A4DBE6A6106E_5">   <radialGradient id="sid-DD91A625-E583-462F-8F13-A4DBE6A6106Ebackground" cx="10%" cy="10%" r="100%" fx="10%" fy="10%">    <stop offset="0%" stop-color="#ffffff" stop-opacity="1" id="sid-DD91A625-E583-462F-8F13-A4DBE6A6106E_sid-DD91A625-E583-462F-8F13-A4DBE6A6106E_6"/>    <stop id="sid-DD91A625-E583-462F-8F13-A4DBE6A6106Efill_el" offset="100%" stop-color="#ffffff" stop-opacity="1"/>   </radialGradient>  </defs>       <circle id="sid-DD91A625-E583-462F-8F13-A4DBE6A6106Ebg_frame" cx="14" cy="14" r="14" stroke="#000000" fill="url(#sid-DD91A625-E583-462F-8F13-A4DBE6A6106Ebackground) white" stroke-width="3"/>  <text font-size="11" id="sid-DD91A625-E583-462F-8F13-A4DBE6A6106Etext_name" x="14" y="30" oryx:align="top center" stroke="black" stroke-width="0pt" letter-spacing="-0.01px" transform="rotate(0 14 30)" oryx:fontSize="11" text-anchor="middle"/>   </g></g><g class="children" style="overflow:hidden"/><g class="edge"/></g><g class="controls"><g class="dockers"/><g class="magnets" transform="translate(300.5, 51)"><g pointer-events="all" display="none" transform="translate(6, 6)"><circle cx="8" cy="8" r="4" stroke="none" fill="red" fill-opacity="0.3"/></g></g></g></g><g id="svg-sid-7C7227E8-087F-4CB6-9B60-200B5D495886"><g class="stencils" transform="translate(390, 135)"><g class="me"><g pointer-events="fill" oryx:minimumSize="80 60" id="sid-3F475CC7-3D05-46BE-8C00-8BF46700FD34" title="Collapsed Subprocess">    <defs id="sid-3F475CC7-3D05-46BE-8C00-8BF46700FD34_sid-3F475CC7-3D05-46BE-8C00-8BF46700FD34_17">   <radialGradient id="sid-3F475CC7-3D05-46BE-8C00-8BF46700FD34background" cx="10%" cy="10%" r="100%" fx="10%" fy="10%">    <stop offset="0%" stop-color="#ffffff" stop-opacity="1" id="sid-3F475CC7-3D05-46BE-8C00-8BF46700FD34_sid-3F475CC7-3D05-46BE-8C00-8BF46700FD34_18"/>    <stop id="sid-3F475CC7-3D05-46BE-8C00-8BF46700FD34fill_el" offset="100%" stop-color="#ffffcc" stop-opacity="1"/>   </radialGradient>  </defs>    <rect id="sid-3F475CC7-3D05-46BE-8C00-8BF46700FD34text_frame" oryx:anchors="bottom top right left" x="1" y="1" width="109" height="75" rx="10" ry="10" stroke="none" stroke-width="0" fill="none"/>  <rect id="sid-3F475CC7-3D05-46BE-8C00-8BF46700FD34bg_frame" oryx:anchors="bottom top right left" x="0" y="0" width="115" height="76" rx="10" ry="10" stroke="#000000" stroke-width="1" fill="url(#sid-3F475CC7-3D05-46BE-8C00-8BF46700FD34background) #ffffcc"/>     <rect id="sid-3F475CC7-3D05-46BE-8C00-8BF46700FD34callActivity" oryx:resize="vertical horizontal" oryx:anchors="bottom top right left" x="0" y="0" width="115" height="76" rx="10" ry="10" stroke="#000000" stroke-width="4" fill="none" display="inherit"/>  <rect id="sid-3F475CC7-3D05-46BE-8C00-8BF46700FD34border" oryx:anchors="top bottom left right" oryx:resize="vertical horizontal" x="2.5" y="2.5" width="110" height="71" rx="8" ry="8" stroke="#000000" stroke-width="1" fill="none" display="none"/>      <text font-size="12" id="sid-3F475CC7-3D05-46BE-8C00-8BF46700FD34text_name" x="57" y="38" oryx:align="middle center" oryx:fittoelem="text_frame" stroke="black" stroke-width="0pt" letter-spacing="-0.01px" transform="rotate(0 57 38)" oryx:fontSize="12" text-anchor="middle"><tspan x="57" y="38" dy="5" id="ext-gen607">Messages</tspan></text>             <g id="sid-3F475CC7-3D05-46BE-8C00-8BF46700FD34b" oryx:anchors="bottom" transform="translate(1)">         <rect id="sid-3F475CC7-3D05-46BE-8C00-8BF46700FD34plusborder" oryx:anchors="bottom" x="50.49999999999999" y="62" width="14" height="14" fill="none" stroke="#000000" stroke-width="1"/>    <path id="sid-3F475CC7-3D05-46BE-8C00-8BF46700FD34plus" oryx:anchors="bottom" fill="none" stroke="#000000" d=" M57.5 64  v10  M52.5 69  h10 " stroke-width="1"/>      </g>    <g id="sid-3F475CC7-3D05-46BE-8C00-8BF46700FD34none" display="inherit"/>  <g id="sid-3F475CC7-3D05-46BE-8C00-8BF46700FD34loop" display="none">   <path oryx:anchors="bottom" stroke="#000000" style="opacity:1;fill:none;fill-opacity:1;stroke-width:1.5;stroke-linecap:round;stroke-linejoin:round;stroke-miterlimit:2.0999999;stroke-dasharray:none;stroke-opacity:1" id="sid-3F475CC7-3D05-46BE-8C00-8BF46700FD34path2396" d=" M57 68  L57 71  L54 71  M57 71  A4.875 4.875 0 1 1 61 71 " transform="translate(-15.5)"/>  </g>     <g id="sid-3F475CC7-3D05-46BE-8C00-8BF46700FD34parallel" display="none">   <path id="sid-3F475CC7-3D05-46BE-8C00-8BF46700FD34parallelpath" oryx:anchors="bottom" fill="none" stroke="#000000" d=" M53.5 61  v10  M57.5 61  v10  M61.5 61  v10 " stroke-width="2" transform="translate(-14)"/>  </g>  <g id="sid-3F475CC7-3D05-46BE-8C00-8BF46700FD34sequential" display="none">   <path id="sid-3F475CC7-3D05-46BE-8C00-8BF46700FD34sequentialpath" oryx:anchors="bottom" fill="none" stroke="#000000" stroke-width="2" d=" M52.5 63  h10  M52.5 67  h10  M52.5 71  h10 " transform="translate(-14)"/>  </g>      <g id="sid-3F475CC7-3D05-46BE-8C00-8BF46700FD34adhoc" transform="translate(16)" display="none">   <path id="sid-3F475CC7-3D05-46BE-8C00-8BF46700FD34adhocpath" d=" m62.5 66  l0 2.0343  c-0.54305 0.60192 -1.04853 1.0324 -1.51647 1.29142  c-0.46216 0.25908 -0.94744 0.38857 -1.4558 0.38857  c-0.57194 0 -1.23628 -0.22473 -1.99307 -0.67428  c-0.0577 -0.0306 -0.10111 -0.0534 -0.12999 -0.0687  c-0.0346 -0.0228 -0.0896 -0.0533 -0.16464 -0.0915  c-0.80878 -0.47234 -1.4558 -0.70857 -1.94107 -0.70857  c-0.46217 0 -0.91566 0.14858 -1.36047 0.44576  c-0.44485 0.2895 -0.92434 0.75046 -1.43849 1.38285  l0 -2.03429  c0.54881 -0.60194 1.05431 -1.0324 1.51647 -1.29147  c0.46793 -0.26666 0.9532 -0.39999 1.45581 -0.39999  c0.57191 0 1.24205 0.22856 2.01039 0.68574  c0.0461 0.0308 0.0838 0.0533 0.11266 0.0687  c0.0404 0.0228 0.0982 0.0533 0.1733 0.0913  c0.803 0.4724 1.45002 0.70861 1.94108 0.70857  c0.44481 0.00004 0.88676 -0.14475 1.32581 -0.43429  c0.43905 -0.2895 0.9272 -0.75425 1.46448 -1.39428 " oryx:anchors="bottom" stroke="#000000" fill="black" stroke-width="1"/>  </g>  <g id="sid-3F475CC7-3D05-46BE-8C00-8BF46700FD34compensation" display="none">   <path id="sid-3F475CC7-3D05-46BE-8C00-8BF46700FD34compensationpath" oryx:anchors="bottom" fill="none" stroke="#000000" d=" M57.47749999999999 66  L62.477499999999985 61  L62.477499999999985 71  z M52.177499999999995 66  L57.177499999999995 71  L57.177499999999995 61  z" stroke-width="1" transform="translate(-27,0)"/>  </g>   </g></g><g class="children" style="overflow:hidden"/><g class="edge"/></g><g class="controls"><g class="dockers"/><g class="magnets" transform="translate(390, 135)"><g pointer-events="all" display="none" transform="translate(-7, 11)"><circle cx="8" cy="8" r="4" stroke="none" fill="red" fill-opacity="0.3"/></g><g pointer-events="all" display="none" transform="translate(-7, 30)"><circle cx="8" cy="8" r="4" stroke="none" fill="red" fill-opacity="0.3"/></g><g pointer-events="all" display="none" transform="translate(-7, 49.00000000000002)"><circle cx="8" cy="8" r="4" stroke="none" fill="red" fill-opacity="0.3"/></g><g pointer-events="all" display="none" transform="translate(20.75, 67)"><circle cx="8" cy="8" r="4" stroke="none" fill="red" fill-opacity="0.3"/></g><g pointer-events="all" display="none" transform="translate(49.5, 67)"><circle cx="8" cy="8" r="4" stroke="none" fill="red" fill-opacity="0.3"/></g><g pointer-events="all" display="none" transform="translate(78.25, 67)"><circle cx="8" cy="8" r="4" stroke="none" fill="red" fill-opacity="0.3"/></g><g pointer-events="all" display="none" transform="translate(106, 11)"><circle cx="8" cy="8" r="4" stroke="none" fill="red" fill-opacity="0.3"/></g><g pointer-events="all" display="none" transform="translate(106, 30)"><circle cx="8" cy="8" r="4" stroke="none" fill="red" fill-opacity="0.3"/></g><g pointer-events="all" display="none" transform="translate(106, 49.00000000000002)"><circle cx="8" cy="8" r="4" stroke="none" fill="red" fill-opacity="0.3"/></g><g pointer-events="all" display="none" transform="translate(20.75, -7)"><circle cx="8" cy="8" r="4" stroke="none" fill="red" fill-opacity="0.3"/></g><g pointer-events="all" display="none" transform="translate(49.5, -7)"><circle cx="8" cy="8" r="4" stroke="none" fill="red" fill-opacity="0.3"/></g><g pointer-events="all" display="none" transform="translate(78.25, -7)"><circle cx="8" cy="8" r="4" stroke="none" fill="red" fill-opacity="0.3"/></g><g pointer-events="all" display="none" transform="translate(49.5, 30)"><circle cx="8" cy="8" r="4" stroke="none" fill="red" fill-opacity="0.3"/></g></g></g></g><g id="svg-sid-983D0282-05EA-48F6-B02F-41BBD8DF538E"><g class="stencils" transform="translate(398.5, 247)"><g class="me"><g pointer-events="fill" oryx:minimumSize="80 60" id="sid-24E3D078-0E55-4A73-842C-A232610249A1" title="Collapsed Subprocess">    <defs id="sid-24E3D078-0E55-4A73-842C-A232610249A1_sid-24E3D078-0E55-4A73-842C-A232610249A1_17">   <radialGradient id="sid-24E3D078-0E55-4A73-842C-A232610249A1background" cx="10%" cy="10%" r="100%" fx="10%" fy="10%">    <stop offset="0%" stop-color="#ffffff" stop-opacity="1" id="sid-24E3D078-0E55-4A73-842C-A232610249A1_sid-24E3D078-0E55-4A73-842C-A232610249A1_18"/>    <stop id="sid-24E3D078-0E55-4A73-842C-A232610249A1fill_el" offset="100%" stop-color="#ffffcc" stop-opacity="1"/>   </radialGradient>  </defs>    <rect id="sid-24E3D078-0E55-4A73-842C-A232610249A1text_frame" oryx:anchors="bottom top right left" x="1" y="1" width="94" height="79" rx="10" ry="10" stroke="none" stroke-width="0" fill="none"/>  <rect id="sid-24E3D078-0E55-4A73-842C-A232610249A1bg_frame" oryx:anchors="bottom top right left" x="0" y="0" width="100" height="80" rx="10" ry="10" stroke="#000000" stroke-width="1" fill="url(#sid-24E3D078-0E55-4A73-842C-A232610249A1background) #ffffcc"/>     <rect id="sid-24E3D078-0E55-4A73-842C-A232610249A1callActivity" oryx:resize="vertical horizontal" oryx:anchors="bottom top right left" x="0" y="0" width="100" height="80" rx="10" ry="10" stroke="#000000" stroke-width="4" fill="none" display="inherit"/>  <rect id="sid-24E3D078-0E55-4A73-842C-A232610249A1border" oryx:anchors="top bottom left right" oryx:resize="vertical horizontal" x="2.5" y="2.5" width="95" height="75" rx="8" ry="8" stroke="#000000" stroke-width="1" fill="none" display="none"/>      <text font-size="12" id="sid-24E3D078-0E55-4A73-842C-A232610249A1text_name" x="50" y="40" oryx:align="middle center" oryx:fittoelem="text_frame" stroke="black" stroke-width="0pt" letter-spacing="-0.01px" transform="rotate(0 50 40)" oryx:fontSize="12" text-anchor="middle"><tspan x="50" y="40" dy="5" id="ext-gen426">Scripts</tspan></text>             <g id="sid-24E3D078-0E55-4A73-842C-A232610249A1b" oryx:anchors="bottom" transform="translate(1)">         <rect id="sid-24E3D078-0E55-4A73-842C-A232610249A1plusborder" oryx:anchors="bottom" x="43" y="66" width="14" height="14" fill="none" stroke="#000000" stroke-width="1"/>    <path id="sid-24E3D078-0E55-4A73-842C-A232610249A1plus" oryx:anchors="bottom" fill="none" stroke="#000000" d="M50 68 v10 M 45 73 h10" stroke-width="1"/>      </g>    <g id="sid-24E3D078-0E55-4A73-842C-A232610249A1none" display="inherit"/>  <g id="sid-24E3D078-0E55-4A73-842C-A232610249A1loop" display="none">   <path oryx:anchors="bottom" stroke="#000000" style="opacity:1;fill:none;fill-opacity:1;stroke-width:1.5;stroke-linecap:round;stroke-linejoin:round;stroke-miterlimit:2.0999999;stroke-dasharray:none;stroke-opacity:1" id="sid-24E3D078-0E55-4A73-842C-A232610249A1path2396" d="M 49.5,72 L 49.5,75 L 46.5,75 M 49.5,75 A 4.875,4.875 0 1 1 53.5,75" transform="translate(-15.5)"/>  </g>     <g id="sid-24E3D078-0E55-4A73-842C-A232610249A1parallel" display="none">   <path id="sid-24E3D078-0E55-4A73-842C-A232610249A1parallelpath" oryx:anchors="bottom" fill="none" stroke="#000000" d="M46 65 v10 M50 65 v10 M54 65 v10" stroke-width="2" transform="translate(-14)"/>  </g>  <g id="sid-24E3D078-0E55-4A73-842C-A232610249A1sequential" display="none">   <path id="sid-24E3D078-0E55-4A73-842C-A232610249A1sequentialpath" oryx:anchors="bottom" fill="none" stroke="#000000" stroke-width="2" d="M45,67 h10 M45,71 h10 M45,75 h10" transform="translate(-14)"/>  </g>      <g id="sid-24E3D078-0E55-4A73-842C-A232610249A1adhoc" transform="translate(16)" display="none">   <path id="sid-24E3D078-0E55-4A73-842C-A232610249A1adhocpath" d="m 55,70 0,2.0343 c -0.54305,0.60192 -1.04853,1.0324 -1.51647,1.29142 -0.46216,0.25908 -0.94744,0.38857 -1.4558,0.38857 -0.57194,0 -1.23628,-0.22473 -1.99307,-0.67428 -0.0577,-0.0306 -0.10111,-0.0534 -0.12999,-0.0687 -0.0346,-0.0228 -0.0896,-0.0533 -0.16464,-0.0915 -0.80878,-0.47234 -1.4558,-0.70857 -1.94107,-0.70857 -0.46217,0 -0.91566,0.14858 -1.36047,0.44576 -0.44485,0.2895 -0.92434,0.75046 -1.43849,1.38285 l 0,-2.03429 c 0.54881,-0.60194 1.05431,-1.0324 1.51647,-1.29147 0.46793,-0.26666 0.9532,-0.39999 1.45581,-0.39999 0.57191,0 1.24205,0.22856 2.01039,0.68574 0.0461,0.0308 0.0838,0.0533 0.11266,0.0687 0.0404,0.0228 0.0982,0.0533 0.1733,0.0913 0.803,0.4724 1.45002,0.70861 1.94108,0.70857 0.44481,4e-5 0.88676,-0.14475 1.32581,-0.43429 0.43905,-0.2895 0.9272,-0.75425 1.46448,-1.39428" oryx:anchors="bottom" stroke="#000000" fill="black" stroke-width="1"/>  </g>  <g id="sid-24E3D078-0E55-4A73-842C-A232610249A1compensation" display="none">   <path id="sid-24E3D078-0E55-4A73-842C-A232610249A1compensationpath" oryx:anchors="bottom" fill="none" stroke="#000000" d="M 50 70 L 55 65 L 55 75z M44.7 70 L49.7 75 L 49.7 65z" stroke-width="1" transform="translate(-27,0)"/>  </g>   </g></g><g class="children" style="overflow:hidden"/><g class="edge"/></g><g class="controls"><g class="dockers"/><g class="magnets" transform="translate(398.5, 247)"><g pointer-events="all" display="none" transform="translate(-7, 12)"><circle cx="8" cy="8" r="4" stroke="none" fill="red" fill-opacity="0.3"/></g><g pointer-events="all" display="none" transform="translate(-7, 32)"><circle cx="8" cy="8" r="4" stroke="none" fill="red" fill-opacity="0.3"/></g><g pointer-events="all" display="none" transform="translate(-7, 52)"><circle cx="8" cy="8" r="4" stroke="none" fill="red" fill-opacity="0.3"/></g><g pointer-events="all" display="none" transform="translate(17, 71)"><circle cx="8" cy="8" r="4" stroke="none" fill="red" fill-opacity="0.3"/></g><g pointer-events="all" display="none" transform="translate(42, 71)"><circle cx="8" cy="8" r="4" stroke="none" fill="red" fill-opacity="0.3"/></g><g pointer-events="all" display="none" transform="translate(67, 71)"><circle cx="8" cy="8" r="4" stroke="none" fill="red" fill-opacity="0.3"/></g><g pointer-events="all" display="none" transform="translate(91, 12)"><circle cx="8" cy="8" r="4" stroke="none" fill="red" fill-opacity="0.3"/></g><g pointer-events="all" display="none" transform="translate(91, 32)"><circle cx="8" cy="8" r="4" stroke="none" fill="red" fill-opacity="0.3"/></g><g pointer-events="all" display="none" transform="translate(91, 52)"><circle cx="8" cy="8" r="4" stroke="none" fill="red" fill-opacity="0.3"/></g><g pointer-events="all" display="none" transform="translate(17, -7)"><circle cx="8" cy="8" r="4" stroke="none" fill="red" fill-opacity="0.3"/></g><g pointer-events="all" display="none" transform="translate(42, -7)"><circle cx="8" cy="8" r="4" stroke="none" fill="red" fill-opacity="0.3"/></g><g pointer-events="all" display="none" transform="translate(67, -7)"><circle cx="8" cy="8" r="4" stroke="none" fill="red" fill-opacity="0.3"/></g><g pointer-events="all" display="none" transform="translate(42, 32)"><circle cx="8" cy="8" r="4" stroke="none" fill="red" fill-opacity="0.3"/></g></g></g></g><g id="svg-sid-5A3ED200-8278-4D1F-9F84-B5E53B268133"><g class="stencils" transform="translate(398.5, 359)"><g class="me"><g pointer-events="fill" oryx:minimumSize="80 60" id="sid-E0816173-0CAA-4879-B659-60B3A1B7B29C" title="Collapsed Subprocess">    <defs id="sid-E0816173-0CAA-4879-B659-60B3A1B7B29C_sid-E0816173-0CAA-4879-B659-60B3A1B7B29C_17">   <radialGradient id="sid-E0816173-0CAA-4879-B659-60B3A1B7B29Cbackground" cx="10%" cy="10%" r="100%" fx="10%" fy="10%">    <stop offset="0%" stop-color="#ffffff" stop-opacity="1" id="sid-E0816173-0CAA-4879-B659-60B3A1B7B29C_sid-E0816173-0CAA-4879-B659-60B3A1B7B29C_18"/>    <stop id="sid-E0816173-0CAA-4879-B659-60B3A1B7B29Cfill_el" offset="100%" stop-color="#ffffcc" stop-opacity="1"/>   </radialGradient>  </defs>    <rect id="sid-E0816173-0CAA-4879-B659-60B3A1B7B29Ctext_frame" oryx:anchors="bottom top right left" x="1" y="1" width="94" height="79" rx="10" ry="10" stroke="none" stroke-width="0" fill="none"/>  <rect id="sid-E0816173-0CAA-4879-B659-60B3A1B7B29Cbg_frame" oryx:anchors="bottom top right left" x="0" y="0" width="100" height="80" rx="10" ry="10" stroke="#000000" stroke-width="1" fill="url(#sid-E0816173-0CAA-4879-B659-60B3A1B7B29Cbackground) #ffffcc"/>     <rect id="sid-E0816173-0CAA-4879-B659-60B3A1B7B29CcallActivity" oryx:resize="vertical horizontal" oryx:anchors="bottom top right left" x="0" y="0" width="100" height="80" rx="10" ry="10" stroke="#000000" stroke-width="4" fill="none" display="inherit"/>  <rect id="sid-E0816173-0CAA-4879-B659-60B3A1B7B29Cborder" oryx:anchors="top bottom left right" oryx:resize="vertical horizontal" x="2.5" y="2.5" width="95" height="75" rx="8" ry="8" stroke="#000000" stroke-width="1" fill="none" display="none"/>      <text font-size="12" id="sid-E0816173-0CAA-4879-B659-60B3A1B7B29Ctext_name" x="50" y="40" oryx:align="middle center" oryx:fittoelem="text_frame" stroke="black" stroke-width="0pt" letter-spacing="-0.01px" transform="rotate(0 50 40)" oryx:fontSize="12" text-anchor="middle"><tspan x="50" y="40" dy="-1" id="ext-gen507">Message</tspan><tspan x="50" y="40" dy="11" id="ext-gen508">Interrupts</tspan></text>             <g id="sid-E0816173-0CAA-4879-B659-60B3A1B7B29Cb" oryx:anchors="bottom" transform="translate(1)">         <rect id="sid-E0816173-0CAA-4879-B659-60B3A1B7B29Cplusborder" oryx:anchors="bottom" x="43" y="66" width="14" height="14" fill="none" stroke="#000000" stroke-width="1"/>    <path id="sid-E0816173-0CAA-4879-B659-60B3A1B7B29Cplus" oryx:anchors="bottom" fill="none" stroke="#000000" d="M50 68 v10 M 45 73 h10" stroke-width="1"/>      </g>    <g id="sid-E0816173-0CAA-4879-B659-60B3A1B7B29Cnone" display="inherit"/>  <g id="sid-E0816173-0CAA-4879-B659-60B3A1B7B29Cloop" display="none">   <path oryx:anchors="bottom" stroke="#000000" style="opacity:1;fill:none;fill-opacity:1;stroke-width:1.5;stroke-linecap:round;stroke-linejoin:round;stroke-miterlimit:2.0999999;stroke-dasharray:none;stroke-opacity:1" id="sid-E0816173-0CAA-4879-B659-60B3A1B7B29Cpath2396" d="M 49.5,72 L 49.5,75 L 46.5,75 M 49.5,75 A 4.875,4.875 0 1 1 53.5,75" transform="translate(-15.5)"/>  </g>     <g id="sid-E0816173-0CAA-4879-B659-60B3A1B7B29Cparallel" display="none">   <path id="sid-E0816173-0CAA-4879-B659-60B3A1B7B29Cparallelpath" oryx:anchors="bottom" fill="none" stroke="#000000" d="M46 65 v10 M50 65 v10 M54 65 v10" stroke-width="2" transform="translate(-14)"/>  </g>  <g id="sid-E0816173-0CAA-4879-B659-60B3A1B7B29Csequential" display="none">   <path id="sid-E0816173-0CAA-4879-B659-60B3A1B7B29Csequentialpath" oryx:anchors="bottom" fill="none" stroke="#000000" stroke-width="2" d="M45,67 h10 M45,71 h10 M45,75 h10" transform="translate(-14)"/>  </g>      <g id="sid-E0816173-0CAA-4879-B659-60B3A1B7B29Cadhoc" transform="translate(16)" display="none">   <path id="sid-E0816173-0CAA-4879-B659-60B3A1B7B29Cadhocpath" d="m 55,70 0,2.0343 c -0.54305,0.60192 -1.04853,1.0324 -1.51647,1.29142 -0.46216,0.25908 -0.94744,0.38857 -1.4558,0.38857 -0.57194,0 -1.23628,-0.22473 -1.99307,-0.67428 -0.0577,-0.0306 -0.10111,-0.0534 -0.12999,-0.0687 -0.0346,-0.0228 -0.0896,-0.0533 -0.16464,-0.0915 -0.80878,-0.47234 -1.4558,-0.70857 -1.94107,-0.70857 -0.46217,0 -0.91566,0.14858 -1.36047,0.44576 -0.44485,0.2895 -0.92434,0.75046 -1.43849,1.38285 l 0,-2.03429 c 0.54881,-0.60194 1.05431,-1.0324 1.51647,-1.29147 0.46793,-0.26666 0.9532,-0.39999 1.45581,-0.39999 0.57191,0 1.24205,0.22856 2.01039,0.68574 0.0461,0.0308 0.0838,0.0533 0.11266,0.0687 0.0404,0.0228 0.0982,0.0533 0.1733,0.0913 0.803,0.4724 1.45002,0.70861 1.94108,0.70857 0.44481,4e-5 0.88676,-0.14475 1.32581,-0.43429 0.43905,-0.2895 0.9272,-0.75425 1.46448,-1.39428" oryx:anchors="bottom" stroke="#000000" fill="black" stroke-width="1"/>  </g>  <g id="sid-E0816173-0CAA-4879-B659-60B3A1B7B29Ccompensation" display="none">   <path id="sid-E0816173-0CAA-4879-B659-60B3A1B7B29Ccompensationpath" oryx:anchors="bottom" fill="none" stroke="#000000" d="M 50 70 L 55 65 L 55 75z M44.7 70 L49.7 75 L 49.7 65z" stroke-width="1" transform="translate(-27,0)"/>  </g>   </g></g><g class="children" style="overflow:hidden"/><g class="edge"/></g><g class="controls"><g class="dockers"/><g class="magnets" transform="translate(398.5, 359)"><g pointer-events="all" display="none" transform="translate(-7, 12)"><circle cx="8" cy="8" r="4" stroke="none" fill="red" fill-opacity="0.3"/></g><g pointer-events="all" display="none" transform="translate(-7, 32)"><circle cx="8" cy="8" r="4" stroke="none" fill="red" fill-opacity="0.3"/></g><g pointer-events="all" display="none" transform="translate(-7, 52)"><circle cx="8" cy="8" r="4" stroke="none" fill="red" fill-opacity="0.3"/></g><g pointer-events="all" display="none" transform="translate(17, 71)"><circle cx="8" cy="8" r="4" stroke="none" fill="red" fill-opacity="0.3"/></g><g pointer-events="all" display="none" transform="translate(42, 71)"><circle cx="8" cy="8" r="4" stroke="none" fill="red" fill-opacity="0.3"/></g><g pointer-events="all" display="none" transform="translate(67, 71)"><circle cx="8" cy="8" r="4" stroke="none" fill="red" fill-opacity="0.3"/></g><g pointer-events="all" display="none" transform="translate(91, 12)"><circle cx="8" cy="8" r="4" stroke="none" fill="red" fill-opacity="0.3"/></g><g pointer-events="all" display="none" transform="translate(91, 32)"><circle cx="8" cy="8" r="4" stroke="none" fill="red" fill-opacity="0.3"/></g><g pointer-events="all" display="none" transform="translate(91, 52)"><circle cx="8" cy="8" r="4" stroke="none" fill="red" fill-opacity="0.3"/></g><g pointer-events="all" display="none" transform="translate(17, -7)"><circle cx="8" cy="8" r="4" stroke="none" fill="red" fill-opacity="0.3"/></g><g pointer-events="all" display="none" transform="translate(42, -7)"><circle cx="8" cy="8" r="4" stroke="none" fill="red" fill-opacity="0.3"/></g><g pointer-events="all" display="none" transform="translate(67, -7)"><circle cx="8" cy="8" r="4" stroke="none" fill="red" fill-opacity="0.3"/></g><g pointer-events="all" display="none" transform="translate(42, 32)"><circle cx="8" cy="8" r="4" stroke="none" fill="red" fill-opacity="0.3"/></g></g></g></g></g><g class="edge"/></g><g class="controls"><g class="dockers"/><g class="magnets" transform="translate(30, 0)"><g pointer-events="all" display="none" transform="translate(321.5, 233)"><circle cx="8" cy="8" r="4" stroke="none" fill="red" fill-opacity="0.3"/></g></g></g></g></g><g class="edge"/></g><g class="controls"><g class="dockers"/><g class="magnets" transform="translate(30, 30)"><g pointer-events="all" display="none" transform="translate(-8, 231.072)"><circle cx="8" cy="8" r="4" stroke="none" fill="red" fill-opacity="0.3"/></g><g pointer-events="all" display="none" transform="translate(335.3516666666667, 473)"><circle cx="8" cy="8" r="4" stroke="none" fill="red" fill-opacity="0.3"/></g><g pointer-events="all" display="none" transform="translate(680, 231.072)"><circle cx="8" cy="8" r="4" stroke="none" fill="red" fill-opacity="0.3"/></g><g pointer-events="all" display="none" transform="translate(335.3516666666667, -8)"><circle cx="8" cy="8" r="4" stroke="none" fill="red" fill-opacity="0.3"/></g><g pointer-events="all" display="none" transform="translate(335.3516666666667, 231.072)"><circle cx="8" cy="8" r="4" stroke="none" fill="red" fill-opacity="0.3"/></g></g></g></g></g><g class="edge"><g id="svg-sid-6469A686-F148-4E90-81BB-5D3305421758"><g class="stencils"><g class="me"><g pointer-events="painted"><path id="sid-B2D36C85-2D9D-4D51-9CAF-56348A535274_1" d="M130.625 95L208.5 95 " stroke="black" fill="none" stroke-width="2" stroke-linecap="round" stroke-linejoin="round" marker-start="url(#sid-B2D36C85-2D9D-4D51-9CAF-56348A535274start)" marker-end="url(#sid-B2D36C85-2D9D-4D51-9CAF-56348A535274end)"/></g><text id="sid-B2D36C85-2D9D-4D51-9CAF-56348A535274text_name" x="138" y="87" oryx:edgePosition="startTop" stroke-width="0pt" letter-spacing="-0.01px" transform="rotate(360 130 95)" oryx:fontSize="12" text-anchor="start"/></g><g class="children" style="overflow:hidden"/><g class="edge"/></g><g class="controls"><g class="dockers"/><g class="magnets"/></g></g><g id="svg-sid-0B133E7E-E6B3-4578-8F8F-1C9DA5D8A015"><g class="stencils"><g class="me"><g pointer-events="painted"><path id="sid-1607FA94-E8AC-47A1-98F7-02F67A094496_1" d="M259.1722240306224 135.47264719625244L259.4098072193776 191.30469655374756 " stroke="black" fill="none" stroke-width="2" stroke-linecap="round" stroke-linejoin="round" marker-start="url(#sid-1607FA94-E8AC-47A1-98F7-02F67A094496start)" marker-end="url(#sid-1607FA94-E8AC-47A1-98F7-02F67A094496end)"/></g><text id="sid-1607FA94-E8AC-47A1-98F7-02F67A094496text_name" x="267" y="127" oryx:edgePosition="startTop" stroke-width="0pt" letter-spacing="-0.01px" transform="rotate(89.75618964389571 259 135)" oryx:fontSize="12" text-anchor="start"/></g><g class="children" style="overflow:hidden"/><g class="edge"/></g><g class="controls"><g class="dockers"/><g class="magnets"/></g></g><g id="svg-sid-36EA1BBD-FB84-4C19-AEFA-5C731F9C8789"><g class="stencils"><g class="me"><g pointer-events="painted"><path id="sid-842A62DF-7A6C-47BB-8EC7-E3E6ED1BC07B_1" d="M565.44140625 203L677 203 L677 95 L389.0888671875 95 " stroke="black" fill="none" stroke-width="2" stroke-linecap="round" stroke-linejoin="round" marker-start="url(#sid-842A62DF-7A6C-47BB-8EC7-E3E6ED1BC07Bstart)" marker-end="url(#sid-842A62DF-7A6C-47BB-8EC7-E3E6ED1BC07Bend)"/></g><text id="sid-842A62DF-7A6C-47BB-8EC7-E3E6ED1BC07Btext_name" x="573" y="195" oryx:edgePosition="startTop" stroke-width="0pt" letter-spacing="-0.01px" transform="rotate(360 565 203)" oryx:fontSize="12" text-anchor="start"/></g><g class="children" style="overflow:hidden"/><g class="edge"/></g><g class="controls"><g class="dockers"/><g class="magnets"/></g></g><g id="svg-sid-979356AC-A00F-456E-9790-39D512F50D3C"><g class="stencils"><g class="me"><g pointer-events="painted"><path id="sid-FFE06AE7-FC0C-43A0-B2A0-E54F447A0DD3_1" d="M558.865234375 317L677 317 L677 95 L389.0888671875 95 " stroke="black" fill="none" stroke-width="2" stroke-linecap="round" stroke-linejoin="round" marker-start="url(#sid-FFE06AE7-FC0C-43A0-B2A0-E54F447A0DD3start)" marker-end="url(#sid-FFE06AE7-FC0C-43A0-B2A0-E54F447A0DD3end)"/></g><text id="sid-FFE06AE7-FC0C-43A0-B2A0-E54F447A0DD3text_name" x="566" y="309" oryx:edgePosition="startTop" stroke-width="0pt" letter-spacing="-0.01px" transform="rotate(360 558 317)" oryx:fontSize="12" text-anchor="start"/></g><g class="children" style="overflow:hidden"/><g class="edge"/></g><g class="controls"><g class="dockers"/><g class="magnets"/></g></g><g id="svg-sid-85975D4B-1DC8-4998-A7DF-6F9C31861EE7"><g class="stencils"><g class="me"><g pointer-events="painted"><path id="sid-0798A00E-4AEA-4014-B3F9-C522D8724F1C_1" d="M279.3671875 212.5L364.5 212.5 L364.5 203 L449.5234375 203 " stroke="black" fill="none" stroke-width="2" stroke-linecap="round" stroke-linejoin="round" marker-start="url(#sid-0798A00E-4AEA-4014-B3F9-C522D8724F1Cstart)" marker-end="url(#sid-0798A00E-4AEA-4014-B3F9-C522D8724F1Cend)"/></g><text id="sid-0798A00E-4AEA-4014-B3F9-C522D8724F1Ctext_name" x="287" y="204" oryx:edgePosition="startTop" stroke-width="0pt" letter-spacing="-0.01px" transform="rotate(360 279 212)" oryx:fontSize="12" text-anchor="start"><tspan dy="0" x="287" y="204" id="ext-gen428">Messages</tspan></text></g><g class="children" style="overflow:hidden"/><g class="edge"/></g><g class="controls"><g class="dockers"/><g class="magnets"/></g></g><g id="svg-sid-ECE4F718-B986-45F1-8B0C-C0C1DAE66DB3"><g class="stencils"><g class="me"><g pointer-events="painted"><path id="sid-EE9A7A73-C317-468C-AEFB-FBDBB4D5EFF3_1" d="M259.5 232.10546875L259.5 429 L457.89453125 429 " stroke="black" fill="none" stroke-width="2" stroke-linecap="round" stroke-linejoin="round" marker-start="url(#sid-EE9A7A73-C317-468C-AEFB-FBDBB4D5EFF3start)" marker-end="url(#sid-EE9A7A73-C317-468C-AEFB-FBDBB4D5EFF3end)"/></g><text id="sid-EE9A7A73-C317-468C-AEFB-FBDBB4D5EFF3text_name" x="251" y="224" oryx:edgePosition="startTop" stroke-width="0pt" letter-spacing="-0.01px" transform="rotate(-90 259 232)" oryx:fontSize="12" text-anchor="end"><tspan dy="0" x="251" y="224" id="ext-gen623">Message Interrupts</tspan></text></g><g class="children" style="overflow:hidden"/><g class="edge"/></g><g class="controls"><g class="dockers"/><g class="magnets"/></g></g><g id="svg-sid-488CD0F1-E280-4BDE-B794-64CAF8C4FCA8"><g class="stencils"><g class="me"><g pointer-events="painted"><path id="sid-5FA1EE53-7678-4EC0-B251-3942FB43C657_1" d="M268.9227993936929 223.8836131403573L346 317 L457.98828125 317 " stroke="black" fill="none" stroke-width="2" stroke-linecap="round" stroke-linejoin="round" marker-start="url(#sid-5FA1EE53-7678-4EC0-B251-3942FB43C657start)" marker-end="url(#sid-5FA1EE53-7678-4EC0-B251-3942FB43C657end)"/></g><text id="sid-5FA1EE53-7678-4EC0-B251-3942FB43C657text_name" x="276" y="215" oryx:edgePosition="startTop" stroke-width="0pt" letter-spacing="-0.01px" transform="rotate(50.38370167681177 268 223)" oryx:fontSize="12" text-anchor="start"><tspan dy="0" x="276" y="215" id="ext-gen425">Scripts</tspan></text></g><g class="children" style="overflow:hidden"/><g class="edge"/></g><g class="controls"><g class="dockers"/><g class="magnets"/></g></g><g id="svg-sid-9AD6C46B-BC40-4D3A-91E2-8E933EF9ADF0"><g class="stencils"><g class="me"><g pointer-events="painted"><path id="sid-8EE4382F-2514-4226-B8F8-AAED034BFB56_1" d="M270.08227554756814 201.68767498400646L364.36694320243186 105.35334064099352 " stroke="black" fill="none" stroke-width="2" stroke-linecap="round" stroke-linejoin="round" marker-start="url(#sid-8EE4382F-2514-4226-B8F8-AAED034BFB56start)" marker-end="url(#sid-8EE4382F-2514-4226-B8F8-AAED034BFB56end)"/></g><text id="sid-8EE4382F-2514-4226-B8F8-AAED034BFB56text_name" x="278" y="193" oryx:edgePosition="startTop" stroke-width="0pt" letter-spacing="-0.01px" transform="rotate(314.3839400916008 270 201)" oryx:fontSize="12" text-anchor="start"><tspan dy="0" x="278" y="193" id="ext-gen429">Tests Done</tspan></text></g><g class="children" style="overflow:hidden"/><g class="edge"/></g><g class="controls"><g class="dockers"/><g class="magnets"/></g></g><g id="svg-sid-B7DB2642-79A3-4D7B-9CB6-06C4854E4C9D"><g class="stencils"><g class="me"><g pointer-events="painted"><path id="sid-02D50D81-D8C4-4A4A-B028-4CD006447B9F_1" d="M558.865234375 429L677 429 L677 95 L389.0888671875 95 " stroke="black" fill="none" stroke-width="2" stroke-linecap="round" stroke-linejoin="round" marker-start="url(#sid-02D50D81-D8C4-4A4A-B028-4CD006447B9Fstart)" marker-end="url(#sid-02D50D81-D8C4-4A4A-B028-4CD006447B9Fend)"/></g><text id="sid-02D50D81-D8C4-4A4A-B028-4CD006447B9Ftext_name" x="566" y="421" oryx:edgePosition="startTop" stroke-width="0pt" letter-spacing="-0.01px" transform="rotate(360 558 429)" oryx:fontSize="12" text-anchor="start"/></g><g class="children" style="overflow:hidden"/><g class="edge"/></g><g class="controls"><g class="dockers"/><g class="magnets"/></g></g></g></g></g></svg>]]></svg-representation>
</oryxmodel>
