<?xml version="1.0" encoding="UTF-8"?>
<oryxmodel>
<description/>
<type>BPMN 2.0</type>
<json-representation><![CDATA[{"resourceId":"canvas","properties":{"name":"","documentation":"","auditing":"","monitoring":"","version":"","author":"","language":"English","namespaces":"","targetnamespace":"http://www.signavio.com/bpmn20","expressionlanguage":"http://www.w3.org/1999/XPath","typelanguage":"http://www.w3.org/2001/XMLSchema","creationdate":"","modificationdate":"","orientation":"horizontal"},"stencil":{"id":"BPMNDiagram"},"childShapes":[{"resourceId":"sid-F3998B48-8B47-4EBF-9690-2459891DF29F","properties":{"name":"Test Workflows","documentation":"","auditing":"","monitoring":"","boundaryvisible":true,"processname":"","status":"None","adhoc":"","adhocordering":"Parallel","adhoccompletioncondition":"","suppressjoinfailure":"","enableinstancecompensation":"","processcategories":"","processdocumentation":"","multiinstance":"","minimum":2,"maximum":2,"processtype":"None","isclosed":"","isexecutable":"","bgcolor":"#ffffff","bordercolor":"#000000","processid":""},"stencil":{"id":"Pool"},"childShapes":[{"resourceId":"sid-7A923A68-8A4D-47F1-9CCD-8584C3992369","properties":{"name":"Test Runner","documentation":"","auditing":"","monitoring":"","bordercolor":"#000000","parentpool":"","parentlane":"","showcaption":true,"bgcolor":""},"stencil":{"id":"Lane"},"childShapes":[{"resourceId":"sid-2C69C7A6-BD02-428F-B5AA-0BB10EC514C2","properties":{"name":"","documentation":"","auditing":"","monitoring":"","dataoutputassociations":"","dataoutput":"","outputset":"","bgcolor":"#ffffff","bordercolor":"#000000","processid":"","trigger":"None"},"stencil":{"id":"StartNoneEvent"},"childShapes":[],"outgoing":[{"resourceId":"sid-6469A686-F148-4E90-81BB-5D3305421758"}],"bounds":{"lowerRight":{"x":70,"y":80},"upperLeft":{"x":40,"y":50}},"dockers":[]},{"resourceId":"sid-6A83C24E-9609-47CD-B595-BCFC30BBF790","properties":{"processid":"","name":"Select Test","documentation":"","auditing":"","monitoring":"","categories":"","startquantity":1,"completionquantity":1,"isforcompensation":"","assignments":"","callacitivity":"","tasktype":"User","implementation":"webService","resources":"","messageref":"","operationref":"","instantiate":"","script":"","scriptformat":"","bgcolor":"#ffffcc","looptype":"None","testbefore":"","loopcondition":"","loopmaximum":"","loopcardinality":"","loopdatainput":"","loopdataoutput":"","inputdataitem":"","outputdataitem":"","behavior":"all","complexbehaviordefinition":"","completioncondition":"","onebehavioreventref:":"signal","nonebehavioreventref":"signal","properties":"","datainputset":"","dataoutputset":"","operationname":"","inmessagename":"","inmsgitemkind":"Information","inmsgstructure":"","inmsgimport":"","inmsgiscollection":"","outmessagename":"","outmsgitemkind":"Information","outmsgstructure":"","outmsgimport":"","outmsgiscollection":"","bordercolor":"#000000"},"stencil":{"id":"Task"},"childShapes":[],"outgoing":[{"resourceId":"sid-0B133E7E-E6B3-4578-8F8F-1C9DA5D8A015"}],"bounds":{"lowerRight":{"x":249,"y":105},"upperLeft":{"x":149,"y":25}},"dockers":[]},{"resourceId":"sid-1192E625-131C-46FE-B872-20C4533EA7DE","properties":{"name":"","documentation":"","auditing":"","monitoring":"","categories":"","assignments":"","pool":"","lanes":"","gates":"","gates_outgoingsequenceflow":"","gates_assignments":"","bgcolor":"#ffffff","processid":"","gatewaytype":"XOR","xortype":"Data","markervisible":"true","defaultgate":"","gate_outgoingsequenceflow":"","gate_assignments":"","bordercolor":"#000000"},"stencil":{"id":"Exclusive_Databased_Gateway"},"childShapes":[],"outgoing":[{"resourceId":"sid-9AD6C46B-BC40-4D3A-91E2-8E933EF9ADF0"},{"resourceId":"sid-85975D4B-1DC8-4998-A7DF-6F9C31861EE7"},{"resourceId":"sid-488CD0F1-E280-4BDE-B794-64CAF8C4FCA8"}],"bounds":{"lowerRight":{"x":219,"y":197},"upperLeft":{"x":179,"y":157}},"dockers":[]},{"resourceId":"sid-464B8E64-10B4-4158-BDEE-11144CE20306","properties":{"name":"","documentation":"","auditing":"","monitoring":"","datainputassociations":"","datainput":"","inputset":"","bgcolor":"#ffffff","bordercolor":"#000000","trigger":"None"},"stencil":{"id":"EndNoneEvent"},"childShapes":[],"outgoing":[],"bounds":{"lowerRight":{"x":69,"y":191},"upperLeft":{"x":41,"y":163}},"dockers":[]},{"resourceId":"sid-7C7227E8-087F-4CB6-9B60-200B5D495886","properties":{"name":"Messages","documentation":"","auditing":"","monitoring":"","categories":"","startquantity":1,"completionquantity":1,"isforcompensation":"","assignments":"","callacitivity":true,"subprocesstype":"Embedded","isatransaction":"","transaction":"","transactionmethod":"compensate","isadhoc":"","adhocordering":"Sequential","adhoccompletioncondition":"","adhoccancelremaininginstances":true,"entry":"Messages","diagramref":"","processref":"","inputmaps":"","outputmaps":"","looptype":"None","testbefore":"","loopcondition":"","loopmaximum":"","loopcardinality":"","loopdatainput":"","loopdataoutput":"","inputdataitem":"","outputdataitem":"","behavior":"all","complexbehaviordefinition":"","completioncondition":"","onebehavioreventref:":"signal","nonebehavioreventref":"signal","bgcolor":"#ffffcc","properties":"","datainputset":"","dataoutputset":"","processid":"","activitytype":"Sub-Process","bordercolor":"#000000"},"stencil":{"id":"CollapsedSubprocess"},"childShapes":[],"outgoing":[{"resourceId":"sid-36EA1BBD-FB84-4C19-AEFA-5C731F9C8789"}],"bounds":{"lowerRight":{"x":534,"y":219},"upperLeft":{"x":360,"y":135}},"dockers":[]},{"resourceId":"sid-983D0282-05EA-48F6-B02F-41BBD8DF538E","properties":{"name":"Scripts","documentation":"","auditing":"","monitoring":"","categories":"","startquantity":1,"completionquantity":1,"isforcompensation":"","assignments":"","callacitivity":true,"subprocesstype":"Embedded","isatransaction":"","transaction":"","transactionmethod":"compensate","isadhoc":"","adhocordering":"Sequential","adhoccompletioncondition":"","adhoccancelremaininginstances":true,"entry":"Scripts","diagramref":"","processref":"","inputmaps":"","outputmaps":"","looptype":"None","testbefore":"","loopcondition":"","loopmaximum":"","loopcardinality":"","loopdatainput":"","loopdataoutput":"","inputdataitem":"","outputdataitem":"","behavior":"all","complexbehaviordefinition":"","completioncondition":"","onebehavioreventref:":"signal","nonebehavioreventref":"signal","bgcolor":"#ffffcc","properties":"","datainputset":"","dataoutputset":"","processid":"","activitytype":"Sub-Process","bordercolor":"#000000"},"stencil":{"id":"CollapsedSubprocess"},"childShapes":[],"outgoing":[{"resourceId":"sid-979356AC-A00F-456E-9790-39D512F50D3C"}],"bounds":{"lowerRight":{"x":489,"y":320},"upperLeft":{"x":389,"y":240}},"dockers":[]}],"outgoing":[],"bounds":{"lowerRight":{"x":689,"y":482},"upperLeft":{"x":30,"y":0}},"dockers":[]}],"outgoing":[],"bounds":{"lowerRight":{"x":719,"y":512},"upperLeft":{"x":30,"y":30}},"dockers":[]},{"resourceId":"sid-6469A686-F148-4E90-81BB-5D3305421758","properties":{"name":"","documentation":"","auditing":"","monitoring":"","conditiontype":"None","conditionexpression":"","isimmediate":"","showdiamondmarker":"","bordercolor":"#000000"},"stencil":{"id":"SequenceFlow"},"childShapes":[],"outgoing":[{"resourceId":"sid-6A83C24E-9609-47CD-B595-BCFC30BBF790"}],"bounds":{"lowerRight":{"x":208.5,"y":95},"upperLeft":{"x":130.625,"y":95}},"dockers":[{"x":15,"y":15},{"x":50,"y":40}],"target":{"resourceId":"sid-6A83C24E-9609-47CD-B595-BCFC30BBF790"}},{"resourceId":"sid-0B133E7E-E6B3-4578-8F8F-1C9DA5D8A015","properties":{"name":"","documentation":"","auditing":"","monitoring":"","conditiontype":"None","conditionexpression":"","isimmediate":"","showdiamondmarker":"","bordercolor":"#000000"},"stencil":{"id":"SequenceFlow"},"childShapes":[],"outgoing":[{"resourceId":"sid-1192E625-131C-46FE-B872-20C4533EA7DE"}],"bounds":{"lowerRight":{"x":259.40571184945065,"y":186.2851661263969},"upperLeft":{"x":259.18022565054935,"y":135.5507713736031}},"dockers":[{"x":50,"y":40},{"x":20.5,"y":20.5}],"target":{"resourceId":"sid-1192E625-131C-46FE-B872-20C4533EA7DE"}},{"resourceId":"sid-9AD6C46B-BC40-4D3A-91E2-8E933EF9ADF0","properties":{"name":"Tests Done","documentation":"","auditing":"","monitoring":"","conditiontype":"None","conditionexpression":"","isimmediate":"","showdiamondmarker":false,"bordercolor":"#000000"},"stencil":{"id":"SequenceFlow"},"childShapes":[],"outgoing":[{"resourceId":"sid-464B8E64-10B4-4158-BDEE-11144CE20306"}],"bounds":{"lowerRight":{"x":238.1796934864646,"y":207.42622731310195},"upperLeft":{"x":129.5468690135354,"y":207.05033518689805}},"dockers":[{"x":20.5,"y":20.5},{"x":14,"y":14}],"target":{"resourceId":"sid-464B8E64-10B4-4158-BDEE-11144CE20306"}},{"resourceId":"sid-36EA1BBD-FB84-4C19-AEFA-5C731F9C8789","properties":{"name":"","documentation":"","auditing":"","monitoring":"","conditiontype":"None","conditionexpression":"","isimmediate":"","showdiamondmarker":"","bordercolor":"#000000"},"stencil":{"id":"SequenceFlow"},"childShapes":[],"outgoing":[{"resourceId":"sid-6A83C24E-9609-47CD-B595-BCFC30BBF790"}],"bounds":{"lowerRight":{"x":677,"y":207},"upperLeft":{"x":309.80078125,"y":95}},"dockers":[{"x":87,"y":42},{"x":677,"y":207},{"x":677,"y":95},{"x":50,"y":40}],"target":{"resourceId":"sid-6A83C24E-9609-47CD-B595-BCFC30BBF790"}},{"resourceId":"sid-488CD0F1-E280-4BDE-B794-64CAF8C4FCA8","properties":{"name":"Scripts","documentation":"","auditing":"","monitoring":"","conditiontype":"None","conditionexpression":"","isimmediate":"","showdiamondmarker":"","bordercolor":"#000000"},"stencil":{"id":"SequenceFlow"},"childShapes":[],"outgoing":[{"resourceId":"sid-983D0282-05EA-48F6-B02F-41BBD8DF538E"}],"bounds":{"lowerRight":{"x":448.416015625,"y":310},"upperLeft":{"x":259.5,"y":227.71875}},"dockers":[{"x":20.5,"y":20.5},{"x":259.5,"y":310},{"x":50,"y":40}],"target":{"resourceId":"sid-983D0282-05EA-48F6-B02F-41BBD8DF538E"}},{"resourceId":"sid-979356AC-A00F-456E-9790-39D512F50D3C","properties":{"name":"","documentation":"","auditing":"","monitoring":"","conditiontype":"None","conditionexpression":"","isimmediate":"","showdiamondmarker":"","bordercolor":"#000000"},"stencil":{"id":"SequenceFlow"},"childShapes":[],"outgoing":[{"resourceId":"sid-6A83C24E-9609-47CD-B595-BCFC30BBF790"}],"bounds":{"lowerRight":{"x":677,"y":310},"upperLeft":{"x":309.80078125,"y":95}},"dockers":[{"x":50,"y":40},{"x":677,"y":310},{"x":677,"y":95},{"x":50,"y":40}],"target":{"resourceId":"sid-6A83C24E-9609-47CD-B595-BCFC30BBF790"}},{"resourceId":"sid-85975D4B-1DC8-4998-A7DF-6F9C31861EE7","properties":{"name":"Messages","documentation":"","auditing":"","monitoring":"","conditiontype":"None","conditionexpression":"","isimmediate":"","showdiamondmarker":false,"bordercolor":"#000000"},"stencil":{"id":"SequenceFlow"},"childShapes":[],"outgoing":[{"resourceId":"sid-7C7227E8-087F-4CB6-9B60-200B5D495886"}],"bounds":{"lowerRight":{"x":419.9550801656018,"y":207.45891730210224},"upperLeft":{"x":279.8359354593982,"y":207.17584832289776}},"dockers":[{"x":20.5,"y":20.5},{"x":87,"y":42}],"target":{"resourceId":"sid-7C7227E8-087F-4CB6-9B60-200B5D495886"}}],"bounds":{"lowerRight":{"x":1485,"y":1050},"upperLeft":{"x":0,"y":0}},"stencilset":{"url":"/signavio/editor/stencilsets//bpmn2.0/bpmn2.0.json","namespace":"http://b3mn.org/stencilset/bpmn2.0#"},"ssextensions":["http://oryx-editor.org/stencilsets/extensions/bpmn2.0basicsubset#"]}]]></json-representation>
<svg-representation><![CDATA[<svg xmlns="http://www.w3.org/2000/svg" xmlns:oryx="http://oryx-editor.org" id="sid-23FF55E0-C08C-4E0D-B6BE-5E67C6221F3E" width="739" height="532" xmlns:xlink="http://www.w3.org/1999/xlink" xmlns:svg="http://www.w3.org/2000/svg"><defs><marker id="sid-6E989EA2-0E80-4AC2-AEAA-BD9CFDEA1B87start" refX="1" refY="5" markerUnits="userSpaceOnUse" markerWidth="17" markerHeight="11" orient="auto">      <path id="sid-6E989EA2-0E80-4AC2-AEAA-BD9CFDEA1B87conditional" d="M 0 6 L 8 1 L 15 5 L 8 9 L 1 5" fill="white" stroke="#000000" stroke-width="1" display="none"/>    <path id="sid-6E989EA2-0E80-4AC2-AEAA-BD9CFDEA1B87default" d="M 5 0 L 11 10" fill="white" stroke="#000000" stroke-width="1" display="none"/>     </marker><marker id="sid-6E989EA2-0E80-4AC2-AEAA-BD9CFDEA1B87end" refX="15" refY="6" markerUnits="userSpaceOnUse" markerWidth="15" markerHeight="12" orient="auto">      <path id="sid-6E989EA2-0E80-4AC2-AEAA-BD9CFDEA1B87arrowhead" d="M 0 1 L 15 6 L 0 11z" fill="black" stroke="#000000" stroke-linejoin="round" stroke-width="2"/>     </marker><marker id="sid-7DF4F6CD-77D1-4851-9B60-0E9BEAB1E2D5start" refX="1" refY="5" markerUnits="userSpaceOnUse" markerWidth="17" markerHeight="11" orient="auto">      <path id="sid-7DF4F6CD-77D1-4851-9B60-0E9BEAB1E2D5conditional" d="M 0 6 L 8 1 L 15 5 L 8 9 L 1 5" fill="white" stroke="#000000" stroke-width="1" display="none"/>    <path id="sid-7DF4F6CD-77D1-4851-9B60-0E9BEAB1E2D5default" d="M 5 0 L 11 10" fill="white" stroke="#000000" stroke-width="1" display="none"/>     </marker><marker id="sid-7DF4F6CD-77D1-4851-9B60-0E9BEAB1E2D5end" refX="15" refY="6" markerUnits="userSpaceOnUse" markerWidth="15" markerHeight="12" orient="auto">      <path id="sid-7DF4F6CD-77D1-4851-9B60-0E9BEAB1E2D5arrowhead" d="M 0 1 L 15 6 L 0 11z" fill="black" stroke="#000000" stroke-linejoin="round" stroke-width="2"/>     </marker><marker id="sid-70FAD955-EBFA-43DA-8BDE-E5DE702A4935start" refX="1" refY="5" markerUnits="userSpaceOnUse" markerWidth="17" markerHeight="11" orient="auto">      <path id="sid-70FAD955-EBFA-43DA-8BDE-E5DE702A4935conditional" d="M 0 6 L 8 1 L 15 5 L 8 9 L 1 5" fill="white" stroke="#000000" stroke-width="1" display="none"/>    <path id="sid-70FAD955-EBFA-43DA-8BDE-E5DE702A4935default" d="M 5 0 L 11 10" fill="white" stroke="#000000" stroke-width="1" display="none"/>     </marker><marker id="sid-70FAD955-EBFA-43DA-8BDE-E5DE702A4935end" refX="15" refY="6" markerUnits="userSpaceOnUse" markerWidth="15" markerHeight="12" orient="auto">      <path id="sid-70FAD955-EBFA-43DA-8BDE-E5DE702A4935arrowhead" d="M 0 1 L 15 6 L 0 11z" fill="black" stroke="#000000" stroke-linejoin="round" stroke-width="2"/>     </marker><marker id="sid-3AA29F95-E98B-48FF-8E9A-543070F7C37Estart" refX="1" refY="5" markerUnits="userSpaceOnUse" markerWidth="17" markerHeight="11" orient="auto">      <path id="sid-3AA29F95-E98B-48FF-8E9A-543070F7C37Econditional" d="M 0 6 L 8 1 L 15 5 L 8 9 L 1 5" fill="white" stroke="#000000" stroke-width="1" display="none"/>    <path id="sid-3AA29F95-E98B-48FF-8E9A-543070F7C37Edefault" d="M 5 0 L 11 10" fill="white" stroke="#000000" stroke-width="1" display="none"/>     </marker><marker id="sid-3AA29F95-E98B-48FF-8E9A-543070F7C37Eend" refX="15" refY="6" markerUnits="userSpaceOnUse" markerWidth="15" markerHeight="12" orient="auto">      <path id="sid-3AA29F95-E98B-48FF-8E9A-543070F7C37Earrowhead" d="M 0 1 L 15 6 L 0 11z" fill="black" stroke="#000000" stroke-linejoin="round" stroke-width="2"/>     </marker><marker id="sid-702B2953-94B9-4656-BC52-F54DE46D2C3Fstart" refX="1" refY="5" markerUnits="userSpaceOnUse" markerWidth="17" markerHeight="11" orient="auto">      <path id="sid-702B2953-94B9-4656-BC52-F54DE46D2C3Fconditional" d="M 0 6 L 8 1 L 15 5 L 8 9 L 1 5" fill="white" stroke="#000000" stroke-width="1" display="none"/>    <path id="sid-702B2953-94B9-4656-BC52-F54DE46D2C3Fdefault" d="M 5 0 L 11 10" fill="white" stroke="#000000" stroke-width="1" display="none"/>     </marker><marker id="sid-702B2953-94B9-4656-BC52-F54DE46D2C3Fend" refX="15" refY="6" markerUnits="userSpaceOnUse" markerWidth="15" markerHeight="12" orient="auto">      <path id="sid-702B2953-94B9-4656-BC52-F54DE46D2C3Farrowhead" d="M 0 1 L 15 6 L 0 11z" fill="black" stroke="#000000" stroke-linejoin="round" stroke-width="2"/>     </marker><marker id="sid-3743B39B-FFB8-444F-818F-BE69318F42D0start" refX="1" refY="5" markerUnits="userSpaceOnUse" markerWidth="17" markerHeight="11" orient="auto">      <path id="sid-3743B39B-FFB8-444F-818F-BE69318F42D0conditional" d="M 0 6 L 8 1 L 15 5 L 8 9 L 1 5" fill="white" stroke="#000000" stroke-width="1" display="none"/>    <path id="sid-3743B39B-FFB8-444F-818F-BE69318F42D0default" d="M 5 0 L 11 10" fill="white" stroke="#000000" stroke-width="1" display="none"/>     </marker><marker id="sid-3743B39B-FFB8-444F-818F-BE69318F42D0end" refX="15" refY="6" markerUnits="userSpaceOnUse" markerWidth="15" markerHeight="12" orient="auto">      <path id="sid-3743B39B-FFB8-444F-818F-BE69318F42D0arrowhead" d="M 0 1 L 15 6 L 0 11z" fill="black" stroke="#000000" stroke-linejoin="round" stroke-width="2"/>     </marker><marker id="sid-F67091AD-3D61-4080-BEA7-B96884380BA5start" refX="1" refY="5" markerUnits="userSpaceOnUse" markerWidth="17" markerHeight="11" orient="auto">      <path id="sid-F67091AD-3D61-4080-BEA7-B96884380BA5conditional" d="M 0 6 L 8 1 L 15 5 L 8 9 L 1 5" fill="white" stroke="#000000" stroke-width="1" display="none"/>    <path id="sid-F67091AD-3D61-4080-BEA7-B96884380BA5default" d="M 5 0 L 11 10" fill="white" stroke="#000000" stroke-width="1" display="none"/>     </marker><marker id="sid-F67091AD-3D61-4080-BEA7-B96884380BA5end" refX="15" refY="6" markerUnits="userSpaceOnUse" markerWidth="15" markerHeight="12" orient="auto">      <path id="sid-F67091AD-3D61-4080-BEA7-B96884380BA5arrowhead" d="M 0 1 L 15 6 L 0 11z" fill="black" stroke="#000000" stroke-linejoin="round" stroke-width="2"/>     </marker></defs><g stroke="black" font-family="Verdana, sans-serif" font-size-adjust="none" font-style="normal" font-variant="normal" font-weight="normal" line-heigth="normal" font-size="12"><g class="stencils" transform="translate(-5, -5)"><g class="me"/><g class="children"><g id="svg-sid-F3998B48-8B47-4EBF-9690-2459891DF29F"><g class="stencils" transform="translate(30, 30)"><g class="me"><g pointer-events="none" id="sid-DCFEEBF4-26E4-406E-83AB-4CA7D33269B4" title="Pool">     <defs id="sid-DCFEEBF4-26E4-406E-83AB-4CA7D33269B4_sid-DCFEEBF4-26E4-406E-83AB-4CA7D33269B4_9">   <radialGradient id="sid-DCFEEBF4-26E4-406E-83AB-4CA7D33269B4background" cx="0%" cy="10%" r="100%" fx="20%" fy="10%">    <stop offset="0%" stop-color="#ffffff" stop-opacity="1" id="sid-DCFEEBF4-26E4-406E-83AB-4CA7D33269B4_sid-DCFEEBF4-26E4-406E-83AB-4CA7D33269B4_10"/>    <stop id="sid-DCFEEBF4-26E4-406E-83AB-4CA7D33269B4fill_el" offset="100%" stop-color="#ffffff" stop-opacity="1"/>   </radialGradient>  </defs>              <rect id="sid-DCFEEBF4-26E4-406E-83AB-4CA7D33269B4c" oryx:resize="vertical horizontal" x="0" y="0" width="689" height="482" stroke="#000000" fill="url(#sid-DCFEEBF4-26E4-406E-83AB-4CA7D33269B4background) white" fill-opacity="0.3" display="inherit"/>       <rect id="sid-DCFEEBF4-26E4-406E-83AB-4CA7D33269B4caption" oryx:anchors="left top bottom" x="0" y="0" width="30" height="482" stroke="#000000" stroke-width="1" fill="url(#sid-DCFEEBF4-26E4-406E-83AB-4CA7D33269B4background) white" pointer-events="all" display="inherit"/>    <rect id="sid-DCFEEBF4-26E4-406E-83AB-4CA7D33269B4captionDisableAntialiasing" oryx:anchors="left top bottom" x="0" y="0" width="30" height="482" stroke="#000000" stroke-width="1" fill="url(#sid-DCFEEBF4-26E4-406E-83AB-4CA7D33269B4background) white" pointer-events="all" display="inherit"/>       <text x="13" y="241" font-size="12" id="sid-DCFEEBF4-26E4-406E-83AB-4CA7D33269B4text_name" oryx:fittoelem="caption" oryx:align="middle center" oryx:anchors="left" oryx:rotate="270" fill="black" stroke="black" stroke-width="0pt" letter-spacing="-0.01px" transform="rotate(270 13 241)" oryx:fontSize="12" text-anchor="middle"><tspan x="13" y="241" dy="5">Test Workflows</tspan></text>    <g id="sid-DCFEEBF4-26E4-406E-83AB-4CA7D33269B4multiInstance" display="none">   <path id="sid-DCFEEBF4-26E4-406E-83AB-4CA7D33269B4multiinstancepath" oryx:anchors="bottom" fill="none" stroke="#000000" d=" M340.5 472  v8  M344.5 472  v8  M348.5 472  v8 " stroke-width="2"/>  </g>   </g></g><g class="children" style="overflow:hidden"><g id="svg-sid-7A923A68-8A4D-47F1-9CCD-8584C3992369"><g class="stencils" transform="translate(30, 0)"><g class="me"><g pointer-events="none" id="sid-23F38664-CD99-4260-AB8C-4D292F42B925" title="Lane">         <defs id="sid-23F38664-CD99-4260-AB8C-4D292F42B925_sid-23F38664-CD99-4260-AB8C-4D292F42B925_3">   <radialGradient id="sid-23F38664-CD99-4260-AB8C-4D292F42B925background" cx="0%" cy="10%" r="200%" fx="20%" fy="10%">    <stop offset="0%" stop-color="#ffffff" stop-opacity="0" id="sid-23F38664-CD99-4260-AB8C-4D292F42B925_sid-23F38664-CD99-4260-AB8C-4D292F42B925_4"/>    <stop id="sid-23F38664-CD99-4260-AB8C-4D292F42B925fill_el" offset="100%" stop-color="#ffffff" stop-opacity="0"/>   </radialGradient>  </defs>          <rect id="sid-23F38664-CD99-4260-AB8C-4D292F42B925border" oryx:resize="vertical horizontal" x="0" y="0" width="659" height="482" stroke="#000000" stroke-width="1" fill="url(#sid-23F38664-CD99-4260-AB8C-4D292F42B925background) white" pointer-events="none"/>          <path stroke="#000000" stroke-width="1" fill="none" d=" M0 0  L0 482 " oryx:anchors="left top bottom" id="sid-23F38664-CD99-4260-AB8C-4D292F42B925captionDisableAntialiasing" display="inherit"/>    undefined       <text x="13" y="241" oryx:rotate="270" font-size="12" id="sid-23F38664-CD99-4260-AB8C-4D292F42B925text_name" oryx:align="middle center" oryx:anchors="left" oryx:fittoelem="caption" fill="black" stroke="black" stroke-width="0pt" letter-spacing="-0.01px" display="inherit" transform="rotate(270 13 241)" oryx:fontSize="12" text-anchor="middle"><tspan x="13" y="241" dy="5">Test Runner</tspan></text>   </g></g><g class="children" style="overflow:hidden"><g id="svg-sid-2C69C7A6-BD02-428F-B5AA-0BB10EC514C2"><g class="stencils" transform="translate(40, 50)"><g class="me"><g pointer-events="fill" id="sid-48F958BF-BE69-4501-AE75-D7FB0D77E939" title="Start Event">        <defs id="sid-48F958BF-BE69-4501-AE75-D7FB0D77E939_sid-48F958BF-BE69-4501-AE75-D7FB0D77E939_5">   <radialGradient id="sid-48F958BF-BE69-4501-AE75-D7FB0D77E939background" cx="10%" cy="10%" r="100%" fx="10%" fy="10%">    <stop offset="0%" stop-color="#ffffff" stop-opacity="1" id="sid-48F958BF-BE69-4501-AE75-D7FB0D77E939_sid-48F958BF-BE69-4501-AE75-D7FB0D77E939_6"/>    <stop id="sid-48F958BF-BE69-4501-AE75-D7FB0D77E939fill_el" offset="100%" stop-color="#ffffff" stop-opacity="1"/>   </radialGradient>  </defs>       <circle id="sid-48F958BF-BE69-4501-AE75-D7FB0D77E939bg_frame" cx="15" cy="15" r="15" stroke="#000000" fill="url(#sid-48F958BF-BE69-4501-AE75-D7FB0D77E939background) white" stroke-width="1"/>  <text font-size="11" id="sid-48F958BF-BE69-4501-AE75-D7FB0D77E939text_name" x="15" y="32" oryx:align="top center" stroke="black" stroke-width="0pt" letter-spacing="-0.01px" transform="rotate(0 15 32)" oryx:fontSize="11" text-anchor="middle"/>   </g></g><g class="children" style="overflow:hidden"/><g class="edge"/></g><g class="controls"><g class="dockers"/><g class="magnets" transform="translate(40, 50)"><g pointer-events="all" display="none" transform="translate(7, 7)"><circle cx="8" cy="8" r="4" stroke="none" fill="red" fill-opacity="0.3"/></g></g></g></g><g id="svg-sid-6A83C24E-9609-47CD-B595-BCFC30BBF790"><g class="stencils" transform="translate(149, 25)"><g class="me"><g pointer-events="fill" oryx:minimumSize="50 40" id="sid-B790781D-D56D-4A94-8D28-1E98CF500BB1" title="Task">    <defs id="sid-B790781D-D56D-4A94-8D28-1E98CF500BB1_sid-B790781D-D56D-4A94-8D28-1E98CF500BB1_17">   <radialGradient id="sid-B790781D-D56D-4A94-8D28-1E98CF500BB1background" cx="10%" cy="10%" r="100%" fx="10%" fy="10%">    <stop offset="0%" stop-color="#ffffff" stop-opacity="1" id="sid-B790781D-D56D-4A94-8D28-1E98CF500BB1_sid-B790781D-D56D-4A94-8D28-1E98CF500BB1_18"/>    <stop id="sid-B790781D-D56D-4A94-8D28-1E98CF500BB1fill_el" offset="100%" stop-color="#ffffcc" stop-opacity="1"/>   </radialGradient>  </defs>    <rect id="sid-B790781D-D56D-4A94-8D28-1E98CF500BB1text_frame" oryx:anchors="bottom top right left" x="1" y="1" width="94" height="79" rx="10" ry="10" stroke="none" stroke-width="0" fill="none"/>     <rect id="sid-B790781D-D56D-4A94-8D28-1E98CF500BB1callActivity" oryx:resize="vertical horizontal" oryx:anchors="bottom top right left" x="0" y="0" width="100" height="80" rx="10" ry="10" stroke="#000000" stroke-width="4" fill="none" display="none"/>  <rect id="sid-B790781D-D56D-4A94-8D28-1E98CF500BB1bg_frame" oryx:resize="vertical horizontal" x="0" y="0" width="100" height="80" rx="10" ry="10" stroke="#000000" stroke-width="1" fill="url(#sid-B790781D-D56D-4A94-8D28-1E98CF500BB1background) #ffffcc"/>   <text font-size="12" id="sid-B790781D-D56D-4A94-8D28-1E98CF500BB1text_name" x="50" y="40" oryx:align="middle center" oryx:fittoelem="text_frame" stroke="black" stroke-width="0pt" letter-spacing="-0.01px" transform="rotate(0 50 40)" oryx:fontSize="12" text-anchor="middle"><tspan x="50" y="40" dy="5">Select Test</tspan></text>     <g id="sid-B790781D-D56D-4A94-8D28-1E98CF500BB1manualTask" transform="scale(0.7,0.7) translate(8,8)" display="none">      <path oryx:anchors="top left" id="sid-B790781D-D56D-4A94-8D28-1E98CF500BB1hand" stroke="#000000" stroke-width="1" style="opacity:1;fill:none;fill-opacity:1;" d="M0.5,3.751l4.083-3.25c0,0,11.166,0.083,12.083,0.083s-2.417,2.917-1.5,2.917     s11.667,0,12.584,0c1.166,1.708-0.168,3.167-0.834,3.667s0.875,1.917-1,4.417c-0.75,0.25,0.75,1.875-1.333,3.333     c-1.167,0.583,0.583,1.542-1.25,2.833c-1.167,0-20.833,0.083-20.833,0.083l-2-1.333V3.751z"/>   <path oryx:anchors="top left" id="sid-B790781D-D56D-4A94-8D28-1E98CF500BB1finger" style="opacity:1;fill:none; stroke-width:2" stroke="#000000" d="M 13.5 7 L 27 7"/>   <path oryx:anchors="top left" id="sid-B790781D-D56D-4A94-8D28-1E98CF500BB1finger1" style="opacity:1;fill:none; stroke-width:2" stroke="#000000" d="M 13.5 11 L 26 11"/>   <path oryx:anchors="top left" id="sid-B790781D-D56D-4A94-8D28-1E98CF500BB1finger2" style="opacity:1;fill:none; stroke-width:1.5" stroke="#000000" d="M 14 14.5 L 25 14.5"/>   <path oryx:anchors="top left" id="sid-B790781D-D56D-4A94-8D28-1E98CF500BB1thumb" style="opacity:1;fill:none; stroke-width:1.5" stroke="#000000" d="M 8.2 3.1 L 15 3.1"/>  </g>    <g id="sid-B790781D-D56D-4A94-8D28-1E98CF500BB1businessRuleTask" transform="scale(0.7,0.7) translate(8,8)" display="none">   <rect oryx:anchors="top left" id="sid-B790781D-D56D-4A94-8D28-1E98CF500BB1top" x="0" y="0" width="22" height="4" style="opacity:1;fill:#B3B1B3;fill-opacity:1;" stroke="#000000"/>   <rect oryx:anchors="top left" id="sid-B790781D-D56D-4A94-8D28-1E98CF500BB1rect" x="0" y="4" style="opacity:1;fill:none;" stroke="#000000" width="22" height="12"/>   <path oryx:anchors="top left" id="sid-B790781D-D56D-4A94-8D28-1E98CF500BB1row" style="opacity:1;fill:none;" stroke="#000000" d="M 0 10 L 22 10"/>   <path oryx:anchors="top left" id="sid-B790781D-D56D-4A94-8D28-1E98CF500BB1col" style="opacity:1; fill:none;" stroke="#000000" d="M 7 4 L 7 16"/>  </g>    <g id="sid-B790781D-D56D-4A94-8D28-1E98CF500BB1scriptTask" transform="scale(0.7,0.7) translate(8,8)" display="none">   <path oryx:anchors="top left" id="sid-B790781D-D56D-4A94-8D28-1E98CF500BB1paper" style="opacity:1;fill:none;" stroke="#000000" d="M6.402,0.5h14.5c0,0-5.833,2.833-5.833,5.583s4.417,6,4.417,9.167    s-4.167,5.083-4.167,5.083H0.235c0,0,5-2.667,5-5s-4.583-6.75-4.583-9.25S6.402,0.5,6.402,0.5z"/>   <path oryx:anchors="top left" id="sid-B790781D-D56D-4A94-8D28-1E98CF500BB1line1" style="opacity:1;fill:none;stroke-width:1.5" stroke="#000000" d="M 3.5 4.5 L 13.5 4.5"/>   <path oryx:anchors="top left" id="sid-B790781D-D56D-4A94-8D28-1E98CF500BB1line2" style="opacity:1;fill:none;stroke-width:1.5" stroke="#000000" d="M 3.8 8.5 L 13.8 8.5"/>   <path oryx:anchors="top left" id="sid-B790781D-D56D-4A94-8D28-1E98CF500BB1line3" style="opacity:1;fill:none;stroke-width:1.5" stroke="#000000" d="M 6.3 12.5 L 16.3 12.5"/>   <path oryx:anchors="top left" id="sid-B790781D-D56D-4A94-8D28-1E98CF500BB1line4" style="opacity:1;fill:none;stroke-width:1.5" stroke="#000000" d="M 6.5 16.5 L 16.5 16.5"/>  </g>    <g id="sid-B790781D-D56D-4A94-8D28-1E98CF500BB1userTask" transform="scale(0.7,0.7) translate(8,8)" display="inherit">   <path id="sid-B790781D-D56D-4A94-8D28-1E98CF500BB1userTaskpath" oryx:anchors="top left" style="opacity:1;fill:#F4F6F7;" stroke="#000000" d="M0.585,24.167h24.083v-7.833c0,0-2.333-3.917-7.083-5.167h-9.25    c-4.417,1.333-7.833,5.75-7.833,5.75L0.585,24.167z"/>   <path id="sid-B790781D-D56D-4A94-8D28-1E98CF500BB1userTaskpath2" oryx:anchors="top left" style="opacity:1;fill:none;" stroke="#000000" d="M 6 20 L 6 24"/>   <path id="sid-B790781D-D56D-4A94-8D28-1E98CF500BB1userTaskpath3" oryx:anchors="top left" style="opacity:1;fill:none;" stroke="#000000" d="M 20 20 L 20 24"/>   <circle id="sid-B790781D-D56D-4A94-8D28-1E98CF500BB1userTaskcircle" oryx:anchors="top left" fill="#000000" stroke="#000000" cx="13.002" cy="5.916" r="5.417"/>   <path id="sid-B790781D-D56D-4A94-8D28-1E98CF500BB1userTaskpath4" oryx:anchors="top left" style="opacity:1;fill:#F0EFF0;" stroke="#000000" d="M8.043,7.083c0,0,2.814-2.426,5.376-1.807s4.624-0.693,4.624-0.693    c0.25,1.688,0.042,3.75-1.458,5.584c0,0,1.083,0.75,1.083,1.5s0.125,1.875-1,3s-5.5,1.25-6.75,0S8.668,12.834,8.668,12    s0.583-1.25,1.25-1.917C8.835,9.5,7.419,7.708,8.043,7.083z"/>  </g>    <g id="sid-B790781D-D56D-4A94-8D28-1E98CF500BB1serviceTask" transform="scale(0.7,0.7) translate(8,8)" display="none">   <polygon oryx:anchors="top left" id="sid-B790781D-D56D-4A94-8D28-1E98CF500BB1teethForeground" style="opacity:1;fill:#ffffff;" stroke="#000000" points="15.392,5.064 17.954,2.502 20.347,4.895 17.786,7.455     18.729,9.732 22.353,9.732 22.353,13.115 18.731,13.115 17.788,15.392 20.351,17.955 17.958,20.347 15.397,17.786 13.12,18.729     13.12,22.353 9.737,22.353 9.737,18.731 7.46,17.788 4.897,20.35 2.506,17.958 5.066,15.397 4.124,13.12 0.5,13.12 0.5,9.737     4.121,9.737 5.065,7.461 2.503,4.898 4.895,2.506 7.455,5.066 9.732,4.125 9.732,0.5 13.116,0.5 13.116,4.121 "/>   <circle oryx:anchors="top left" id="sid-B790781D-D56D-4A94-8D28-1E98CF500BB1ringForeground" style="opacity:1;fill:none;" stroke="#000000" cx="11.427" cy="11.426" r="3.714"/>   <polygon oryx:anchors="top left" id="sid-B790781D-D56D-4A94-8D28-1E98CF500BB1teethBackground" style="opacity:1;fill:#ffffff;" stroke="#000000" points="21.392,11.064 23.954,8.502 26.347,10.895 23.786,13.455     24.729,15.732 28.353,15.732 28.353,19.115 24.731,19.115 23.788,21.392 26.351,23.955 23.958,26.347 21.397,23.786 19.12,24.729     19.12,28.353 15.737,28.353 15.737,24.731 13.46,23.788 10.897,26.35 8.506,23.958 11.066,21.397 10.124,19.12 6.5,19.12     6.5,15.737 10.121,15.737 11.065,13.461 8.503,10.898 10.895,8.506 13.455,11.066 15.732,10.125 15.732,6.5 19.116,6.5     19.116,10.121 "/>   <circle oryx:anchors="top left" id="sid-B790781D-D56D-4A94-8D28-1E98CF500BB1ringBackground" style="opacity:1;fill:none;" stroke="#000000" cx="17.427" cy="17.426" r="3.714"/>  </g>    <g id="sid-B790781D-D56D-4A94-8D28-1E98CF500BB1sendTask" display="none">   <path id="sid-B790781D-D56D-4A94-8D28-1E98CF500BB1sendTaskpath" oryx:anchors="left top" stroke="#000000" fill="black" stroke-width="1" d="M8,11 L8,21 L24,21 L24,11 L16,17z"/>   <path id="sid-B790781D-D56D-4A94-8D28-1E98CF500BB1sendTaskpath2" oryx:anchors="left top" stroke="#000000" fill="black" stroke-width="1" d="M7,10 L16,17 L25 10z"/>  </g>    <g id="sid-B790781D-D56D-4A94-8D28-1E98CF500BB1receiveTask" display="none">   <path id="sid-B790781D-D56D-4A94-8D28-1E98CF500BB1receiveTaskpath" oryx:anchors="left top" stroke="#000000" fill="none" stroke-width="1" d="M8,11 L8,21 L24,21 L24,11z M8,11 L16,17 L24,11"/>   <circle id="sid-B790781D-D56D-4A94-8D28-1E98CF500BB1instantiate" cx="16" cy="16" r="13" stroke="#000000" fill="none" stroke-width="1" display="none"/>  </g>    <g id="sid-B790781D-D56D-4A94-8D28-1E98CF500BB1none" display="inherit"/>  <g id="sid-B790781D-D56D-4A94-8D28-1E98CF500BB1loop" display="none">   <path oryx:anchors="bottom" stroke="#000000" style="opacity:1;fill:none;fill-opacity:1;;stroke-width:1.5;stroke-linecap:round;stroke-linejoin:round;stroke-miterlimit:2.0999999;stroke-dasharray:none;stroke-opacity:1" id="sid-B790781D-D56D-4A94-8D28-1E98CF500BB1path2396" d="M 49.5,72 L 49.5,75 L 46.5,75 M 49.5,75 A 4.875,4.875 0 1 1 53.5,75"/>  </g>      <g id="sid-B790781D-D56D-4A94-8D28-1E98CF500BB1parallel" display="none">   <path id="sid-B790781D-D56D-4A94-8D28-1E98CF500BB1parallelpath" oryx:anchors="bottom" fill="none" stroke="#000000" d="M46 65 v10 M50 65 v10 M54 65 v10" stroke-width="2"/>  </g>  <g id="sid-B790781D-D56D-4A94-8D28-1E98CF500BB1sequential" display="none">   <path id="sid-B790781D-D56D-4A94-8D28-1E98CF500BB1sequentialpath" oryx:anchors="bottom" fill="none" stroke="#000000" stroke-width="2" d="M45,67 h10 M45,71 h10 M45,75 h10"/>  </g>     <g id="sid-B790781D-D56D-4A94-8D28-1E98CF500BB1compensation" display="none">   <path id="sid-B790781D-D56D-4A94-8D28-1E98CF500BB1compensationpath" oryx:anchors="bottom" fill="none" stroke="#000000" d="M 50 70 L 55 65 L 55 75z M44.7 70 L49.7 75 L 49.7 65z" stroke-width="1" transform="translate(-13)"/>  </g>   </g></g><g class="children" style="overflow:hidden"/><g class="edge"/></g><g class="controls"><g class="dockers"/><g class="magnets" transform="translate(149, 25)"><g pointer-events="all" display="none" transform="translate(-7, 12)"><circle cx="8" cy="8" r="4" stroke="none" fill="red" fill-opacity="0.3"/></g><g pointer-events="all" display="none" transform="translate(-7, 32)"><circle cx="8" cy="8" r="4" stroke="none" fill="red" fill-opacity="0.3"/></g><g pointer-events="all" display="none" transform="translate(-7, 52)"><circle cx="8" cy="8" r="4" stroke="none" fill="red" fill-opacity="0.3"/></g><g pointer-events="all" display="none" transform="translate(17, 71)"><circle cx="8" cy="8" r="4" stroke="none" fill="red" fill-opacity="0.3"/></g><g pointer-events="all" display="none" transform="translate(42, 71)"><circle cx="8" cy="8" r="4" stroke="none" fill="red" fill-opacity="0.3"/></g><g pointer-events="all" display="none" transform="translate(67, 71)"><circle cx="8" cy="8" r="4" stroke="none" fill="red" fill-opacity="0.3"/></g><g pointer-events="all" display="none" transform="translate(91, 12)"><circle cx="8" cy="8" r="4" stroke="none" fill="red" fill-opacity="0.3"/></g><g pointer-events="all" display="none" transform="translate(91, 32)"><circle cx="8" cy="8" r="4" stroke="none" fill="red" fill-opacity="0.3"/></g><g pointer-events="all" display="none" transform="translate(91, 52)"><circle cx="8" cy="8" r="4" stroke="none" fill="red" fill-opacity="0.3"/></g><g pointer-events="all" display="none" transform="translate(17, -7)"><circle cx="8" cy="8" r="4" stroke="none" fill="red" fill-opacity="0.3"/></g><g pointer-events="all" display="none" transform="translate(42, -7)"><circle cx="8" cy="8" r="4" stroke="none" fill="red" fill-opacity="0.3"/></g><g pointer-events="all" display="none" transform="translate(67, -7)"><circle cx="8" cy="8" r="4" stroke="none" fill="red" fill-opacity="0.3"/></g><g pointer-events="all" display="none" transform="translate(42, 32)"><circle cx="8" cy="8" r="4" stroke="none" fill="red" fill-opacity="0.3"/></g></g></g></g><g id="svg-sid-1192E625-131C-46FE-B872-20C4533EA7DE"><g class="stencils" transform="translate(179, 157)"><g class="me"><g id="sid-AF908904-4CDC-4CAC-8CCD-6C55A72C2210" title="Data-based exclusive (XOR) gateway">        <defs id="sid-AF908904-4CDC-4CAC-8CCD-6C55A72C2210_sid-AF908904-4CDC-4CAC-8CCD-6C55A72C2210_4">   <radialGradient id="sid-AF908904-4CDC-4CAC-8CCD-6C55A72C2210background" cx="10%" cy="10%" r="100%" fx="10%" fy="10%">    <stop offset="0%" stop-color="#ffffff" stop-opacity="1" id="sid-AF908904-4CDC-4CAC-8CCD-6C55A72C2210_sid-AF908904-4CDC-4CAC-8CCD-6C55A72C2210_5"/>    <stop id="sid-AF908904-4CDC-4CAC-8CCD-6C55A72C2210fill_el" offset="100%" stop-color="#ffffff" stop-opacity="1"/>   </radialGradient>  </defs>       <path d=" M0 20.5  L20.5 0  L40 20.5  L20.5 40  z" id="sid-AF908904-4CDC-4CAC-8CCD-6C55A72C2210bg_frame" fill="url(#sid-AF908904-4CDC-4CAC-8CCD-6C55A72C2210background) white" stroke="#000000" style="stroke-width:1"/>     <g id="sid-AF908904-4CDC-4CAC-8CCD-6C55A72C2210cross" display="inherit">       <path id="sid-AF908904-4CDC-4CAC-8CCD-6C55A72C2210crosspath" stroke="#000000" fill="black" d=" M13.25 12.05  L17.25 12.05  L27.65 28.95  L23.75 28.95  z" style="stroke-width:1"/>       <path id="sid-AF908904-4CDC-4CAC-8CCD-6C55A72C2210crosspath2" stroke="#000000" fill="black" d=" M13.25 28.95  L23.75 12.05  L27.65 12.05  L17.25 28.95  z" style="stroke-width:1"/>     </g>    <text id="sid-AF908904-4CDC-4CAC-8CCD-6C55A72C2210text_name" x="30" y="30" oryx:align="left top" stroke-width="0pt" letter-spacing="-0.01px" transform="rotate(0 30 30)" oryx:fontSize="12" text-anchor="start"/>     </g></g><g class="children" style="overflow:hidden"/><g class="edge"/></g><g class="controls"><g class="dockers"/><g class="magnets" transform="translate(179, 157)"><g pointer-events="all" display="none" transform="translate(12.5, 12.5)"><circle cx="8" cy="8" r="4" stroke="none" fill="red" fill-opacity="0.3"/></g></g></g></g><g id="svg-sid-464B8E64-10B4-4158-BDEE-11144CE20306"><g class="stencils" transform="translate(41, 163)"><g class="me"><g pointer-events="fill" id="sid-6B691C75-C2EF-4AE3-A72A-8314EDFB825F" title="End Event">      <defs id="sid-6B691C75-C2EF-4AE3-A72A-8314EDFB825F_sid-6B691C75-C2EF-4AE3-A72A-8314EDFB825F_5">   <radialGradient id="sid-6B691C75-C2EF-4AE3-A72A-8314EDFB825Fbackground" cx="10%" cy="10%" r="100%" fx="10%" fy="10%">    <stop offset="0%" stop-color="#ffffff" stop-opacity="1" id="sid-6B691C75-C2EF-4AE3-A72A-8314EDFB825F_sid-6B691C75-C2EF-4AE3-A72A-8314EDFB825F_6"/>    <stop id="sid-6B691C75-C2EF-4AE3-A72A-8314EDFB825Ffill_el" offset="100%" stop-color="#ffffff" stop-opacity="1"/>   </radialGradient>  </defs>       <circle id="sid-6B691C75-C2EF-4AE3-A72A-8314EDFB825Fbg_frame" cx="14" cy="14" r="14" stroke="#000000" fill="url(#sid-6B691C75-C2EF-4AE3-A72A-8314EDFB825Fbackground) white" stroke-width="3"/>  <text font-size="11" id="sid-6B691C75-C2EF-4AE3-A72A-8314EDFB825Ftext_name" x="14" y="30" oryx:align="top center" stroke="black" stroke-width="0pt" letter-spacing="-0.01px" transform="rotate(0 14 30)" oryx:fontSize="11" text-anchor="middle"/>   </g></g><g class="children" style="overflow:hidden"/><g class="edge"/></g><g class="controls"><g class="dockers"/><g class="magnets" transform="translate(41, 163)"><g pointer-events="all" display="none" transform="translate(6, 6)"><circle cx="8" cy="8" r="4" stroke="none" fill="red" fill-opacity="0.3"/></g></g></g></g><g id="svg-sid-7C7227E8-087F-4CB6-9B60-200B5D495886"><g class="stencils" transform="translate(360, 135)"><g class="me"><g pointer-events="fill" oryx:minimumSize="80 60" id="sid-64FB34CE-3A43-4D7F-92BE-7B6EAD843783" title="Collapsed Subprocess">    <defs id="sid-64FB34CE-3A43-4D7F-92BE-7B6EAD843783_sid-64FB34CE-3A43-4D7F-92BE-7B6EAD843783_17">   <radialGradient id="sid-64FB34CE-3A43-4D7F-92BE-7B6EAD843783background" cx="10%" cy="10%" r="100%" fx="10%" fy="10%">    <stop offset="0%" stop-color="#ffffff" stop-opacity="1" id="sid-64FB34CE-3A43-4D7F-92BE-7B6EAD843783_sid-64FB34CE-3A43-4D7F-92BE-7B6EAD843783_18"/>    <stop id="sid-64FB34CE-3A43-4D7F-92BE-7B6EAD843783fill_el" offset="100%" stop-color="#ffffcc" stop-opacity="1"/>   </radialGradient>  </defs>    <rect id="sid-64FB34CE-3A43-4D7F-92BE-7B6EAD843783text_frame" oryx:anchors="bottom top right left" x="1" y="1" width="168" height="83" rx="10" ry="10" stroke="none" stroke-width="0" fill="none"/>  <rect id="sid-64FB34CE-3A43-4D7F-92BE-7B6EAD843783bg_frame" oryx:anchors="bottom top right left" x="0" y="0" width="174" height="84" rx="10" ry="10" stroke="#000000" stroke-width="1" fill="url(#sid-64FB34CE-3A43-4D7F-92BE-7B6EAD843783background) #ffffcc"/>     <rect id="sid-64FB34CE-3A43-4D7F-92BE-7B6EAD843783callActivity" oryx:resize="vertical horizontal" oryx:anchors="bottom top right left" x="0" y="0" width="174" height="84" rx="10" ry="10" stroke="#000000" stroke-width="4" fill="none" display="inherit"/>  <rect id="sid-64FB34CE-3A43-4D7F-92BE-7B6EAD843783border" oryx:anchors="top bottom left right" oryx:resize="vertical horizontal" x="2.5" y="2.5" width="169" height="79" rx="8" ry="8" stroke="#000000" stroke-width="1" fill="none" display="none"/>      <text font-size="12" id="sid-64FB34CE-3A43-4D7F-92BE-7B6EAD843783text_name" x="87" y="42" oryx:align="middle center" oryx:fittoelem="text_frame" stroke="black" stroke-width="0pt" letter-spacing="-0.01px" transform="rotate(0 87 42)" oryx:fontSize="12" text-anchor="middle"><tspan x="87" y="42" dy="5">Messages</tspan></text>             <g id="sid-64FB34CE-3A43-4D7F-92BE-7B6EAD843783b" oryx:anchors="bottom" transform="translate(1)">         <rect id="sid-64FB34CE-3A43-4D7F-92BE-7B6EAD843783plusborder" oryx:anchors="bottom" x="80" y="70" width="14" height="14" fill="none" stroke="#000000" stroke-width="1"/>    <path id="sid-64FB34CE-3A43-4D7F-92BE-7B6EAD843783plus" oryx:anchors="bottom" fill="none" stroke="#000000" d=" M87 72  v10  M82 77  h10 " stroke-width="1"/>      </g>    <g id="sid-64FB34CE-3A43-4D7F-92BE-7B6EAD843783none" display="inherit"/>  <g id="sid-64FB34CE-3A43-4D7F-92BE-7B6EAD843783loop" display="none">   <path oryx:anchors="bottom" stroke="#000000" style="opacity:1;fill:none;fill-opacity:1;stroke-width:1.5;stroke-linecap:round;stroke-linejoin:round;stroke-miterlimit:2.0999999;stroke-dasharray:none;stroke-opacity:1" id="sid-64FB34CE-3A43-4D7F-92BE-7B6EAD843783path2396" d=" M86.5 76  L86.5 79  L83.5 79  M86.5 79  A4.875 4.875 0 1 1 90.5 79 " transform="translate(-15.5)"/>  </g>     <g id="sid-64FB34CE-3A43-4D7F-92BE-7B6EAD843783parallel" display="none">   <path id="sid-64FB34CE-3A43-4D7F-92BE-7B6EAD843783parallelpath" oryx:anchors="bottom" fill="none" stroke="#000000" d=" M83 69  v10  M87 69  v10  M91 69  v10 " stroke-width="2" transform="translate(-14)"/>  </g>  <g id="sid-64FB34CE-3A43-4D7F-92BE-7B6EAD843783sequential" display="none">   <path id="sid-64FB34CE-3A43-4D7F-92BE-7B6EAD843783sequentialpath" oryx:anchors="bottom" fill="none" stroke="#000000" stroke-width="2" d=" M82 71  h10  M82 75  h10  M82 79  h10 " transform="translate(-14)"/>  </g>      <g id="sid-64FB34CE-3A43-4D7F-92BE-7B6EAD843783adhoc" transform="translate(16)" display="none">   <path id="sid-64FB34CE-3A43-4D7F-92BE-7B6EAD843783adhocpath" d=" m92 74  l0 2.0343  c-0.54305 0.60192 -1.04853 1.0324 -1.51647 1.29142  c-0.46216 0.25908 -0.94744 0.38857 -1.4558 0.38857  c-0.57194 0 -1.23628 -0.22473 -1.99307 -0.67428  c-0.0577 -0.0306 -0.10111 -0.0534 -0.12999 -0.0687  c-0.0346 -0.0228 -0.0896 -0.0533 -0.16464 -0.0915  c-0.80878 -0.47234 -1.4558 -0.70857 -1.94107 -0.70857  c-0.46217 0 -0.91566 0.14858 -1.36047 0.44576  c-0.44485 0.2895 -0.92434 0.75046 -1.43849 1.38285  l0 -2.03429  c0.54881 -0.60194 1.05431 -1.0324 1.51647 -1.29147  c0.46793 -0.26666 0.9532 -0.39999 1.45581 -0.39999  c0.57191 0 1.24205 0.22856 2.01039 0.68574  c0.0461 0.0308 0.0838 0.0533 0.11266 0.0687  c0.0404 0.0228 0.0982 0.0533 0.1733 0.0913  c0.803 0.4724 1.45002 0.70861 1.94108 0.70857  c0.44481 0.00004 0.88676 -0.14475 1.32581 -0.43429  c0.43905 -0.2895 0.9272 -0.75425 1.46448 -1.39428 " oryx:anchors="bottom" stroke="#000000" fill="black" stroke-width="1"/>  </g>  <g id="sid-64FB34CE-3A43-4D7F-92BE-7B6EAD843783compensation" display="none">   <path id="sid-64FB34CE-3A43-4D7F-92BE-7B6EAD843783compensationpath" oryx:anchors="bottom" fill="none" stroke="#000000" d=" M86.889 74  L91.889 69  L91.889 79  z M81.589 74  L86.589 79  L86.589 69  z" stroke-width="1" transform="translate(-27,0)"/>  </g>   </g></g><g class="children" style="overflow:hidden"/><g class="edge"/></g><g class="controls"><g class="dockers"/><g class="magnets" transform="translate(360, 135)"><g pointer-events="all" display="none" transform="translate(-7, 13)"><circle cx="8" cy="8" r="4" stroke="none" fill="red" fill-opacity="0.3"/></g><g pointer-events="all" display="none" transform="translate(-7, 34)"><circle cx="8" cy="8" r="4" stroke="none" fill="red" fill-opacity="0.3"/></g><g pointer-events="all" display="none" transform="translate(-7, 55)"><circle cx="8" cy="8" r="4" stroke="none" fill="red" fill-opacity="0.3"/></g><g pointer-events="all" display="none" transform="translate(35.5, 75)"><circle cx="8" cy="8" r="4" stroke="none" fill="red" fill-opacity="0.3"/></g><g pointer-events="all" display="none" transform="translate(79, 75)"><circle cx="8" cy="8" r="4" stroke="none" fill="red" fill-opacity="0.3"/></g><g pointer-events="all" display="none" transform="translate(122.5, 75)"><circle cx="8" cy="8" r="4" stroke="none" fill="red" fill-opacity="0.3"/></g><g pointer-events="all" display="none" transform="translate(165, 13)"><circle cx="8" cy="8" r="4" stroke="none" fill="red" fill-opacity="0.3"/></g><g pointer-events="all" display="none" transform="translate(165, 34)"><circle cx="8" cy="8" r="4" stroke="none" fill="red" fill-opacity="0.3"/></g><g pointer-events="all" display="none" transform="translate(165, 55)"><circle cx="8" cy="8" r="4" stroke="none" fill="red" fill-opacity="0.3"/></g><g pointer-events="all" display="none" transform="translate(35.5, -7)"><circle cx="8" cy="8" r="4" stroke="none" fill="red" fill-opacity="0.3"/></g><g pointer-events="all" display="none" transform="translate(79, -7)"><circle cx="8" cy="8" r="4" stroke="none" fill="red" fill-opacity="0.3"/></g><g pointer-events="all" display="none" transform="translate(122.5, -7)"><circle cx="8" cy="8" r="4" stroke="none" fill="red" fill-opacity="0.3"/></g><g pointer-events="all" display="none" transform="translate(79, 34)"><circle cx="8" cy="8" r="4" stroke="none" fill="red" fill-opacity="0.3"/></g></g></g></g><g id="svg-sid-983D0282-05EA-48F6-B02F-41BBD8DF538E"><g class="stencils" transform="translate(389, 240)"><g class="me"><g pointer-events="fill" oryx:minimumSize="80 60" id="sid-5CFA332F-B2C3-4260-AD63-D3B2B1D8EAC0" title="Collapsed Subprocess">    <defs id="sid-5CFA332F-B2C3-4260-AD63-D3B2B1D8EAC0_sid-5CFA332F-B2C3-4260-AD63-D3B2B1D8EAC0_17">   <radialGradient id="sid-5CFA332F-B2C3-4260-AD63-D3B2B1D8EAC0background" cx="10%" cy="10%" r="100%" fx="10%" fy="10%">    <stop offset="0%" stop-color="#ffffff" stop-opacity="1" id="sid-5CFA332F-B2C3-4260-AD63-D3B2B1D8EAC0_sid-5CFA332F-B2C3-4260-AD63-D3B2B1D8EAC0_18"/>    <stop id="sid-5CFA332F-B2C3-4260-AD63-D3B2B1D8EAC0fill_el" offset="100%" stop-color="#ffffcc" stop-opacity="1"/>   </radialGradient>  </defs>    <rect id="sid-5CFA332F-B2C3-4260-AD63-D3B2B1D8EAC0text_frame" oryx:anchors="bottom top right left" x="1" y="1" width="94" height="79" rx="10" ry="10" stroke="none" stroke-width="0" fill="none"/>  <rect id="sid-5CFA332F-B2C3-4260-AD63-D3B2B1D8EAC0bg_frame" oryx:anchors="bottom top right left" x="0" y="0" width="100" height="80" rx="10" ry="10" stroke="#000000" stroke-width="1" fill="url(#sid-5CFA332F-B2C3-4260-AD63-D3B2B1D8EAC0background) #ffffcc"/>     <rect id="sid-5CFA332F-B2C3-4260-AD63-D3B2B1D8EAC0callActivity" oryx:resize="vertical horizontal" oryx:anchors="bottom top right left" x="0" y="0" width="100" height="80" rx="10" ry="10" stroke="#000000" stroke-width="4" fill="none" display="inherit"/>  <rect id="sid-5CFA332F-B2C3-4260-AD63-D3B2B1D8EAC0border" oryx:anchors="top bottom left right" oryx:resize="vertical horizontal" x="2.5" y="2.5" width="95" height="75" rx="8" ry="8" stroke="#000000" stroke-width="1" fill="none" display="none"/>      <text font-size="12" id="sid-5CFA332F-B2C3-4260-AD63-D3B2B1D8EAC0text_name" x="50" y="40" oryx:align="middle center" oryx:fittoelem="text_frame" stroke="black" stroke-width="0pt" letter-spacing="-0.01px" transform="rotate(0 50 40)" oryx:fontSize="12" text-anchor="middle"><tspan x="50" y="40" dy="5">Scripts</tspan></text>             <g id="sid-5CFA332F-B2C3-4260-AD63-D3B2B1D8EAC0b" oryx:anchors="bottom" transform="translate(1)">         <rect id="sid-5CFA332F-B2C3-4260-AD63-D3B2B1D8EAC0plusborder" oryx:anchors="bottom" x="43" y="66" width="14" height="14" fill="none" stroke="#000000" stroke-width="1"/>    <path id="sid-5CFA332F-B2C3-4260-AD63-D3B2B1D8EAC0plus" oryx:anchors="bottom" fill="none" stroke="#000000" d="M50 68 v10 M 45 73 h10" stroke-width="1"/>      </g>    <g id="sid-5CFA332F-B2C3-4260-AD63-D3B2B1D8EAC0none" display="inherit"/>  <g id="sid-5CFA332F-B2C3-4260-AD63-D3B2B1D8EAC0loop" display="none">   <path oryx:anchors="bottom" stroke="#000000" style="opacity:1;fill:none;fill-opacity:1;stroke-width:1.5;stroke-linecap:round;stroke-linejoin:round;stroke-miterlimit:2.0999999;stroke-dasharray:none;stroke-opacity:1" id="sid-5CFA332F-B2C3-4260-AD63-D3B2B1D8EAC0path2396" d="M 49.5,72 L 49.5,75 L 46.5,75 M 49.5,75 A 4.875,4.875 0 1 1 53.5,75" transform="translate(-15.5)"/>  </g>     <g id="sid-5CFA332F-B2C3-4260-AD63-D3B2B1D8EAC0parallel" display="none">   <path id="sid-5CFA332F-B2C3-4260-AD63-D3B2B1D8EAC0parallelpath" oryx:anchors="bottom" fill="none" stroke="#000000" d="M46 65 v10 M50 65 v10 M54 65 v10" stroke-width="2" transform="translate(-14)"/>  </g>  <g id="sid-5CFA332F-B2C3-4260-AD63-D3B2B1D8EAC0sequential" display="none">   <path id="sid-5CFA332F-B2C3-4260-AD63-D3B2B1D8EAC0sequentialpath" oryx:anchors="bottom" fill="none" stroke="#000000" stroke-width="2" d="M45,67 h10 M45,71 h10 M45,75 h10" transform="translate(-14)"/>  </g>      <g id="sid-5CFA332F-B2C3-4260-AD63-D3B2B1D8EAC0adhoc" transform="translate(16)" display="none">   <path id="sid-5CFA332F-B2C3-4260-AD63-D3B2B1D8EAC0adhocpath" d="m 55,70 0,2.0343 c -0.54305,0.60192 -1.04853,1.0324 -1.51647,1.29142 -0.46216,0.25908 -0.94744,0.38857 -1.4558,0.38857 -0.57194,0 -1.23628,-0.22473 -1.99307,-0.67428 -0.0577,-0.0306 -0.10111,-0.0534 -0.12999,-0.0687 -0.0346,-0.0228 -0.0896,-0.0533 -0.16464,-0.0915 -0.80878,-0.47234 -1.4558,-0.70857 -1.94107,-0.70857 -0.46217,0 -0.91566,0.14858 -1.36047,0.44576 -0.44485,0.2895 -0.92434,0.75046 -1.43849,1.38285 l 0,-2.03429 c 0.54881,-0.60194 1.05431,-1.0324 1.51647,-1.29147 0.46793,-0.26666 0.9532,-0.39999 1.45581,-0.39999 0.57191,0 1.24205,0.22856 2.01039,0.68574 0.0461,0.0308 0.0838,0.0533 0.11266,0.0687 0.0404,0.0228 0.0982,0.0533 0.1733,0.0913 0.803,0.4724 1.45002,0.70861 1.94108,0.70857 0.44481,4e-5 0.88676,-0.14475 1.32581,-0.43429 0.43905,-0.2895 0.9272,-0.75425 1.46448,-1.39428" oryx:anchors="bottom" stroke="#000000" fill="black" stroke-width="1"/>  </g>  <g id="sid-5CFA332F-B2C3-4260-AD63-D3B2B1D8EAC0compensation" display="none">   <path id="sid-5CFA332F-B2C3-4260-AD63-D3B2B1D8EAC0compensationpath" oryx:anchors="bottom" fill="none" stroke="#000000" d="M 50 70 L 55 65 L 55 75z M44.7 70 L49.7 75 L 49.7 65z" stroke-width="1" transform="translate(-27,0)"/>  </g>   </g></g><g class="children" style="overflow:hidden"/><g class="edge"/></g><g class="controls"><g class="dockers"/><g class="magnets" transform="translate(389, 240)"><g pointer-events="all" display="none" transform="translate(-7, 12)"><circle cx="8" cy="8" r="4" stroke="none" fill="red" fill-opacity="0.3"/></g><g pointer-events="all" display="none" transform="translate(-7, 32)"><circle cx="8" cy="8" r="4" stroke="none" fill="red" fill-opacity="0.3"/></g><g pointer-events="all" display="none" transform="translate(-7, 52)"><circle cx="8" cy="8" r="4" stroke="none" fill="red" fill-opacity="0.3"/></g><g pointer-events="all" display="none" transform="translate(17, 71)"><circle cx="8" cy="8" r="4" stroke="none" fill="red" fill-opacity="0.3"/></g><g pointer-events="all" display="none" transform="translate(42, 71)"><circle cx="8" cy="8" r="4" stroke="none" fill="red" fill-opacity="0.3"/></g><g pointer-events="all" display="none" transform="translate(67, 71)"><circle cx="8" cy="8" r="4" stroke="none" fill="red" fill-opacity="0.3"/></g><g pointer-events="all" display="none" transform="translate(91, 12)"><circle cx="8" cy="8" r="4" stroke="none" fill="red" fill-opacity="0.3"/></g><g pointer-events="all" display="none" transform="translate(91, 32)"><circle cx="8" cy="8" r="4" stroke="none" fill="red" fill-opacity="0.3"/></g><g pointer-events="all" display="none" transform="translate(91, 52)"><circle cx="8" cy="8" r="4" stroke="none" fill="red" fill-opacity="0.3"/></g><g pointer-events="all" display="none" transform="translate(17, -7)"><circle cx="8" cy="8" r="4" stroke="none" fill="red" fill-opacity="0.3"/></g><g pointer-events="all" display="none" transform="translate(42, -7)"><circle cx="8" cy="8" r="4" stroke="none" fill="red" fill-opacity="0.3"/></g><g pointer-events="all" display="none" transform="translate(67, -7)"><circle cx="8" cy="8" r="4" stroke="none" fill="red" fill-opacity="0.3"/></g><g pointer-events="all" display="none" transform="translate(42, 32)"><circle cx="8" cy="8" r="4" stroke="none" fill="red" fill-opacity="0.3"/></g></g></g></g></g><g class="edge"/></g><g class="controls"><g class="dockers"/><g class="magnets" transform="translate(30, 0)"><g pointer-events="all" display="none" transform="translate(321.5, 233)"><circle cx="8" cy="8" r="4" stroke="none" fill="red" fill-opacity="0.3"/></g></g></g></g></g><g class="edge"/></g><g class="controls"><g class="dockers"/><g class="magnets" transform="translate(30, 30)"><g pointer-events="all" display="none" transform="translate(-8, 231.072)"><circle cx="8" cy="8" r="4" stroke="none" fill="red" fill-opacity="0.3"/></g><g pointer-events="all" display="none" transform="translate(335.3516666666667, 473)"><circle cx="8" cy="8" r="4" stroke="none" fill="red" fill-opacity="0.3"/></g><g pointer-events="all" display="none" transform="translate(680, 231.072)"><circle cx="8" cy="8" r="4" stroke="none" fill="red" fill-opacity="0.3"/></g><g pointer-events="all" display="none" transform="translate(335.3516666666667, -8)"><circle cx="8" cy="8" r="4" stroke="none" fill="red" fill-opacity="0.3"/></g><g pointer-events="all" display="none" transform="translate(335.3516666666667, 231.072)"><circle cx="8" cy="8" r="4" stroke="none" fill="red" fill-opacity="0.3"/></g></g></g></g></g><g class="edge"><g id="svg-sid-6469A686-F148-4E90-81BB-5D3305421758"><g class="stencils"><g class="me"><g pointer-events="painted"><path id="sid-6E989EA2-0E80-4AC2-AEAA-BD9CFDEA1B87_1" d="M130.625 95L208.5 95 " stroke="black" fill="none" stroke-width="2" stroke-linecap="round" stroke-linejoin="round" marker-start="url(#sid-6E989EA2-0E80-4AC2-AEAA-BD9CFDEA1B87start)" marker-end="url(#sid-6E989EA2-0E80-4AC2-AEAA-BD9CFDEA1B87end)"/></g><text id="sid-6E989EA2-0E80-4AC2-AEAA-BD9CFDEA1B87text_name" x="138" y="87" oryx:edgePosition="startTop" stroke-width="0pt" letter-spacing="-0.01px" transform="rotate(360 130 95)" oryx:fontSize="12" text-anchor="start"/></g><g class="children" style="overflow:hidden"/><g class="edge"/></g><g class="controls"><g class="dockers"/><g class="magnets"/></g></g><g id="svg-sid-0B133E7E-E6B3-4578-8F8F-1C9DA5D8A015"><g class="stencils"><g class="me"><g pointer-events="painted"><path id="sid-7DF4F6CD-77D1-4851-9B60-0E9BEAB1E2D5_1" d="M259.18022565054935 135.5507713736031L259.40571184945065 186.2851661263969 " stroke="black" fill="none" stroke-width="2" stroke-linecap="round" stroke-linejoin="round" marker-start="url(#sid-7DF4F6CD-77D1-4851-9B60-0E9BEAB1E2D5start)" marker-end="url(#sid-7DF4F6CD-77D1-4851-9B60-0E9BEAB1E2D5end)"/></g><text id="sid-7DF4F6CD-77D1-4851-9B60-0E9BEAB1E2D5text_name" x="267" y="127" oryx:edgePosition="startTop" stroke-width="0pt" letter-spacing="-0.01px" transform="rotate(89.74535376772747 259 135)" oryx:fontSize="12" text-anchor="start"/></g><g class="children" style="overflow:hidden"/><g class="edge"/></g><g class="controls"><g class="dockers"/><g class="magnets"/></g></g><g id="svg-sid-9AD6C46B-BC40-4D3A-91E2-8E933EF9ADF0"><g class="stencils"><g class="me"><g pointer-events="painted"><path id="sid-70FAD955-EBFA-43DA-8BDE-E5DE702A4935_1" d="M238.1796934864646 207.42622731310195L129.5468690135354 207.05033518689805 " stroke="black" fill="none" stroke-width="2" stroke-linecap="round" stroke-linejoin="round" marker-start="url(#sid-70FAD955-EBFA-43DA-8BDE-E5DE702A4935start)" marker-end="url(#sid-70FAD955-EBFA-43DA-8BDE-E5DE702A4935end)"/></g><text id="sid-70FAD955-EBFA-43DA-8BDE-E5DE702A4935text_name" x="230" y="199" oryx:edgePosition="startTop" stroke-width="0pt" letter-spacing="-0.01px" transform="rotate(0.19825450119918742 238 207)" oryx:fontSize="12" text-anchor="end"><tspan dy="0" x="230" y="199">Tests Done</tspan></text></g><g class="children" style="overflow:hidden"/><g class="edge"/></g><g class="controls"><g class="dockers"/><g class="magnets"/></g></g><g id="svg-sid-36EA1BBD-FB84-4C19-AEFA-5C731F9C8789"><g class="stencils"><g class="me"><g pointer-events="painted"><path id="sid-3AA29F95-E98B-48FF-8E9A-543070F7C37E_1" d="M594.328125 207L677 207 L677 95 L309.80078125 95 " stroke="black" fill="none" stroke-width="2" stroke-linecap="round" stroke-linejoin="round" marker-start="url(#sid-3AA29F95-E98B-48FF-8E9A-543070F7C37Estart)" marker-end="url(#sid-3AA29F95-E98B-48FF-8E9A-543070F7C37Eend)"/></g><text id="sid-3AA29F95-E98B-48FF-8E9A-543070F7C37Etext_name" x="602" y="199" oryx:edgePosition="startTop" stroke-width="0pt" letter-spacing="-0.01px" transform="rotate(360 594 207)" oryx:fontSize="12" text-anchor="start"/></g><g class="children" style="overflow:hidden"/><g class="edge"/></g><g class="controls"><g class="dockers"/><g class="magnets"/></g></g><g id="svg-sid-488CD0F1-E280-4BDE-B794-64CAF8C4FCA8"><g class="stencils"><g class="me"><g pointer-events="painted"><path id="sid-3743B39B-FFB8-444F-818F-BE69318F42D0_1" d="M259.5 227.71875L259.5 310 L448.416015625 310 " stroke="black" fill="none" stroke-width="2" stroke-linecap="round" stroke-linejoin="round" marker-start="url(#sid-3743B39B-FFB8-444F-818F-BE69318F42D0start)" marker-end="url(#sid-3743B39B-FFB8-444F-818F-BE69318F42D0end)"/></g><text id="sid-3743B39B-FFB8-444F-818F-BE69318F42D0text_name" x="251" y="219" oryx:edgePosition="startTop" stroke-width="0pt" letter-spacing="-0.01px" transform="rotate(-90 259 227)" oryx:fontSize="12" text-anchor="end"><tspan dy="0" x="251" y="219">Scripts</tspan></text></g><g class="children" style="overflow:hidden"/><g class="edge"/></g><g class="controls"><g class="dockers"/><g class="magnets"/></g></g><g id="svg-sid-979356AC-A00F-456E-9790-39D512F50D3C"><g class="stencils"><g class="me"><g pointer-events="painted"><path id="sid-F67091AD-3D61-4080-BEA7-B96884380BA5_1" d="M549.3671875 310L677 310 L677 95 L309.80078125 95 " stroke="black" fill="none" stroke-width="2" stroke-linecap="round" stroke-linejoin="round" marker-start="url(#sid-F67091AD-3D61-4080-BEA7-B96884380BA5start)" marker-end="url(#sid-F67091AD-3D61-4080-BEA7-B96884380BA5end)"/></g><text id="sid-F67091AD-3D61-4080-BEA7-B96884380BA5text_name" x="557" y="302" oryx:edgePosition="startTop" stroke-width="0pt" letter-spacing="-0.01px" transform="rotate(360 549 310)" oryx:fontSize="12" text-anchor="start"/></g><g class="children" style="overflow:hidden"/><g class="edge"/></g><g class="controls"><g class="dockers"/><g class="magnets"/></g></g><g id="svg-sid-85975D4B-1DC8-4998-A7DF-6F9C31861EE7"><g class="stencils"><g class="me"><g pointer-events="painted"><path id="sid-702B2953-94B9-4656-BC52-F54DE46D2C3F_1" d="M279.8359354593982 207.45891730210224L419.9550801656018 207.17584832289776 " stroke="black" fill="none" stroke-width="2" stroke-linecap="round" stroke-linejoin="round" marker-start="url(#sid-702B2953-94B9-4656-BC52-F54DE46D2C3Fstart)" marker-end="url(#sid-702B2953-94B9-4656-BC52-F54DE46D2C3Fend)"/></g><text id="sid-702B2953-94B9-4656-BC52-F54DE46D2C3Ftext_name" x="287" y="199" oryx:edgePosition="startTop" stroke-width="0pt" letter-spacing="-0.01px" transform="rotate(359.88425110794384 279 207)" oryx:fontSize="12" text-anchor="start"><tspan dy="0" x="287" y="199">Messages</tspan></text></g><g class="children" style="overflow:hidden"/><g class="edge"/></g><g class="controls"><g class="dockers"/><g class="magnets"/></g></g></g></g></g></svg>]]></svg-representation>
</oryxmodel>
